[2026-02-05T22:56:55.027+0000] {local_task_job_runner.py:123} INFO - ::group::Pre task execution logs
[2026-02-05T22:56:55.049+0000] {taskinstance.py:2603} INFO - Dependencies all met for dep_context=non-requeueable deps ti=<TaskInstance: nyc_taxi_pipeline.ex01_download_data manual__2026-02-05T22:53:49+00:00 [queued]>
[2026-02-05T22:56:55.058+0000] {taskinstance.py:2603} INFO - Dependencies all met for dep_context=requeueable deps ti=<TaskInstance: nyc_taxi_pipeline.ex01_download_data manual__2026-02-05T22:53:49+00:00 [queued]>
[2026-02-05T22:56:55.059+0000] {taskinstance.py:2856} INFO - Starting attempt 2 of 4
[2026-02-05T22:56:55.085+0000] {taskinstance.py:2879} INFO - Executing <Task(BashOperator): ex01_download_data> on 2026-02-05 22:53:49+00:00
[2026-02-05T22:56:55.095+0000] {logging_mixin.py:190} WARNING - /home/***/.local/lib/python3.12/site-packages/***/task/task_runner/standard_task_runner.py:70 DeprecationWarning: This process (pid=2501) is multi-threaded, use of fork() may lead to deadlocks in the child.
[2026-02-05T22:56:55.096+0000] {standard_task_runner.py:72} INFO - Started process 2506 to run task
[2026-02-05T22:56:55.094+0000] {standard_task_runner.py:104} INFO - Running: ['***', 'tasks', 'run', 'nyc_taxi_pipeline', 'ex01_download_data', 'manual__2026-02-05T22:53:49+00:00', '--job-id', '121', '--raw', '--subdir', 'DAGS_FOLDER/nyc_taxi_pipeline.py', '--cfg-path', '/tmp/tmpjw0s9hoz']
[2026-02-05T22:56:55.097+0000] {standard_task_runner.py:105} INFO - Job 121: Subtask ex01_download_data
[2026-02-05T22:56:55.153+0000] {task_command.py:467} INFO - Running <TaskInstance: nyc_taxi_pipeline.ex01_download_data manual__2026-02-05T22:53:49+00:00 [running]> on host cf729da7de68
[2026-02-05T22:56:55.245+0000] {taskinstance.py:3122} INFO - Exporting env vars: AIRFLOW_CTX_DAG_OWNER='cytech' AIRFLOW_CTX_DAG_ID='nyc_taxi_pipeline' AIRFLOW_CTX_TASK_ID='ex01_download_data' AIRFLOW_CTX_EXECUTION_DATE='2026-02-05T22:53:49+00:00' AIRFLOW_CTX_TRY_NUMBER='2' AIRFLOW_CTX_DAG_RUN_ID='manual__2026-02-05T22:53:49+00:00'
[2026-02-05T22:56:55.246+0000] {taskinstance.py:731} INFO - ::endgroup::
[2026-02-05T22:56:55.269+0000] {subprocess.py:63} INFO - Tmp dir root location: /tmp
[2026-02-05T22:56:55.270+0000] {subprocess.py:75} INFO - Running command: ['/usr/bin/bash', '-c', '\n        set -e  # Arrêter si erreur\n        \n        echo "📥 ex01: Téléchargement des données NYC Taxi..."\n        cd /opt/***/projet_big_data_cytech\n        \n        if sbt ex1/run; then\n            echo "✅ ex01 terminé avec succès!"\n        else\n            echo "❌ ERREUR: ex01 a échoué!"\n            exit 1\n        fi\n        ']
[2026-02-05T22:56:55.279+0000] {subprocess.py:86} INFO - Output:
[2026-02-05T22:56:55.280+0000] {subprocess.py:93} INFO - 📥 ex01: Téléchargement des données NYC Taxi...
[2026-02-05T22:56:58.073+0000] {subprocess.py:93} INFO - [info] welcome to sbt 1.8.3 (Debian Java 17.0.18)
[2026-02-05T22:56:59.723+0000] {subprocess.py:93} INFO - [info] loading settings for project projet_big_data_cytech-build-build from metals.sbt ...
[2026-02-05T22:57:01.015+0000] {subprocess.py:93} INFO - [info] loading project definition from /opt/***/projet_big_data_cytech/project/project
[2026-02-05T22:57:02.381+0000] {subprocess.py:93} INFO - [info] loading settings for project projet_big_data_cytech-build from metals.sbt ...
[2026-02-05T22:57:02.682+0000] {subprocess.py:93} INFO - [info] loading project definition from /opt/***/projet_big_data_cytech/project
[2026-02-05T22:57:05.071+0000] {subprocess.py:93} INFO - [success] Generated .bloop/projet_big_data_cytech-build.json
[2026-02-05T22:57:05.253+0000] {subprocess.py:93} INFO - [success] Total time: 2 s, completed Feb 5, 2026, 10:57:05 PM
[2026-02-05T22:57:05.577+0000] {subprocess.py:93} INFO - [info] loading settings for project root from build.sbt ...
[2026-02-05T22:57:06.717+0000] {subprocess.py:93} INFO - [info] set current project to projet_ingestion (in build file:/opt/***/projet_big_data_cytech/)
[2026-02-05T22:57:12.145+0000] {subprocess.py:93} INFO - [info] running MinIOLoader
[2026-02-05T22:57:14.679+0000] {subprocess.py:93} INFO - Erreur lors du téléchargement du fichier Parquet : Unable to execute HTTP request: Connect to localhost:9000 [localhost/127.0.0.1] failed: Connection refused
[2026-02-05T22:57:14.690+0000] {subprocess.py:93} INFO - [success] Total time: 7 s, completed Feb 5, 2026, 10:57:14 PM
[2026-02-05T22:57:15.197+0000] {subprocess.py:93} INFO - ✅ ex01 terminé avec succès!
[2026-02-05T22:57:15.197+0000] {subprocess.py:97} INFO - Command exited with return code 0
[2026-02-05T22:57:15.225+0000] {taskinstance.py:340} INFO - ::group::Post task execution logs
[2026-02-05T22:57:15.226+0000] {taskinstance.py:352} INFO - Marking task as SUCCESS. dag_id=nyc_taxi_pipeline, task_id=ex01_download_data, run_id=manual__2026-02-05T22:53:49+00:00, execution_date=20260205T225349, start_date=20260205T225655, end_date=20260205T225715
[2026-02-05T22:57:15.266+0000] {local_task_job_runner.py:261} INFO - Task exited with return code 0
[2026-02-05T22:57:15.290+0000] {taskinstance.py:3891} INFO - 1 downstream tasks scheduled from follow-on schedule check
[2026-02-05T22:57:15.293+0000] {local_task_job_runner.py:240} INFO - ::endgroup::
