[2026-02-05T22:53:50.543+0000] {local_task_job_runner.py:123} INFO - ::group::Pre task execution logs
[2026-02-05T22:53:50.576+0000] {taskinstance.py:2603} INFO - Dependencies all met for dep_context=non-requeueable deps ti=<TaskInstance: nyc_taxi_pipeline.ex04_dashboard_kpi manual__2026-02-05T22:53:49+00:00 [queued]>
[2026-02-05T22:53:50.596+0000] {taskinstance.py:2603} INFO - Dependencies all met for dep_context=requeueable deps ti=<TaskInstance: nyc_taxi_pipeline.ex04_dashboard_kpi manual__2026-02-05T22:53:49+00:00 [queued]>
[2026-02-05T22:53:50.597+0000] {taskinstance.py:2856} INFO - Starting attempt 1 of 2
[2026-02-05T22:53:50.629+0000] {taskinstance.py:2879} INFO - Executing <Task(BashOperator): ex04_dashboard_kpi> on 2026-02-05 22:53:49+00:00
[2026-02-05T22:53:50.644+0000] {logging_mixin.py:190} WARNING - /home/***/.local/lib/python3.12/site-packages/***/task/task_runner/standard_task_runner.py:70 DeprecationWarning: This process (pid=1185) is multi-threaded, use of fork() may lead to deadlocks in the child.
[2026-02-05T22:53:50.645+0000] {standard_task_runner.py:72} INFO - Started process 1191 to run task
[2026-02-05T22:53:50.650+0000] {standard_task_runner.py:104} INFO - Running: ['***', 'tasks', 'run', 'nyc_taxi_pipeline', 'ex04_dashboard_kpi', 'manual__2026-02-05T22:53:49+00:00', '--job-id', '117', '--raw', '--subdir', 'DAGS_FOLDER/nyc_taxi_pipeline.py', '--cfg-path', '/tmp/tmp2qgpjptb']
[2026-02-05T22:53:50.653+0000] {standard_task_runner.py:105} INFO - Job 117: Subtask ex04_dashboard_kpi
[2026-02-05T22:53:50.723+0000] {task_command.py:467} INFO - Running <TaskInstance: nyc_taxi_pipeline.ex04_dashboard_kpi manual__2026-02-05T22:53:49+00:00 [running]> on host cf729da7de68
[2026-02-05T22:53:50.825+0000] {taskinstance.py:3122} INFO - Exporting env vars: AIRFLOW_CTX_DAG_OWNER='cytech' AIRFLOW_CTX_DAG_ID='nyc_taxi_pipeline' AIRFLOW_CTX_TASK_ID='ex04_dashboard_kpi' AIRFLOW_CTX_EXECUTION_DATE='2026-02-05T22:53:49+00:00' AIRFLOW_CTX_TRY_NUMBER='1' AIRFLOW_CTX_DAG_RUN_ID='manual__2026-02-05T22:53:49+00:00'
[2026-02-05T22:53:50.828+0000] {taskinstance.py:731} INFO - ::endgroup::
[2026-02-05T22:53:50.854+0000] {subprocess.py:63} INFO - Tmp dir root location: /tmp
[2026-02-05T22:53:50.856+0000] {subprocess.py:75} INFO - Running command: ['/usr/bin/bash', '-c', '\n        set -e\n        \n        echo "📊 ex04: Calcul des KPIs pour le dashboard..."\n        cd /opt/***/projet_big_data_cytech\n        \n        if sbt ex4/run; then\n            echo "✅ ex04 terminé avec succès!"\n        else\n            echo "❌ ERREUR: ex04 a échoué!"\n            exit 1\n        fi\n        ']
[2026-02-05T22:53:50.869+0000] {subprocess.py:86} INFO - Output:
[2026-02-05T22:53:50.872+0000] {subprocess.py:93} INFO - 📊 ex04: Calcul des KPIs pour le dashboard...
[2026-02-05T22:53:51.655+0000] {subprocess.py:93} INFO - [info] waiting for lock on /home/***/.sbt/boot/sbt.boot.lock to be available...
[2026-02-05T22:53:55.535+0000] {subprocess.py:93} INFO - [info] welcome to sbt 1.8.3 (Debian Java 17.0.18)
[2026-02-05T22:53:56.568+0000] {subprocess.py:93} INFO - [info] loading settings for project projet_big_data_cytech-build-build from metals.sbt ...
[2026-02-05T22:53:57.388+0000] {subprocess.py:93} INFO - [info] loading project definition from /opt/***/projet_big_data_cytech/project/project
[2026-02-05T22:53:58.673+0000] {subprocess.py:93} INFO - [info] loading settings for project projet_big_data_cytech-build from metals.sbt ...
[2026-02-05T22:53:58.797+0000] {subprocess.py:93} INFO - [info] loading project definition from /opt/***/projet_big_data_cytech/project
[2026-02-05T22:54:01.183+0000] {subprocess.py:93} INFO - [success] Generated .bloop/projet_big_data_cytech-build.json
[2026-02-05T22:54:01.639+0000] {subprocess.py:93} INFO - [success] Total time: 3 s, completed Feb 5, 2026, 10:54:01 PM
[2026-02-05T22:54:01.837+0000] {subprocess.py:93} INFO - [info] loading settings for project root from build.sbt ...
[2026-02-05T22:54:02.683+0000] {subprocess.py:93} INFO - [info] set current project to projet_ingestion (in build file:/opt/***/projet_big_data_cytech/)
[2026-02-05T22:54:33.103+0000] {subprocess.py:93} INFO - [info] compiling 1 Scala source to /opt/***/projet_big_data_cytech/common/target/scala-2.13/classes ...
[2026-02-05T22:54:33.133+0000] {subprocess.py:93} INFO - [info] waiting for lock on /home/***/.sbt/boot/scala-2.12.17/org.scala-sbt/sbt/1.8.3/sbt.components.lock to be available...
[2026-02-05T22:54:46.899+0000] {subprocess.py:93} INFO - [info] done compiling
[2026-02-05T22:55:00.609+0000] {subprocess.py:93} INFO - [info] running Main
[2026-02-05T22:55:08.501+0000] {subprocess.py:93} INFO - Using Spark's default log4j profile: org/apache/spark/log4j2-defaults.properties
[2026-02-05T22:55:08.709+0000] {subprocess.py:93} INFO - 26/02/05 22:55:08 INFO SparkContext: Running Spark version 3.5.5
[2026-02-05T22:55:08.711+0000] {subprocess.py:93} INFO - 26/02/05 22:55:08 INFO SparkContext: OS info Linux, 5.15.0-168-generic, amd64
[2026-02-05T22:55:08.712+0000] {subprocess.py:93} INFO - 26/02/05 22:55:08 INFO SparkContext: Java version 17.0.18
[2026-02-05T22:55:10.022+0000] {subprocess.py:93} INFO - 26/02/05 22:55:10 WARN NativeCodeLoader: Unable to load native-hadoop library for your platform... using builtin-java classes where applicable
[2026-02-05T22:55:10.275+0000] {subprocess.py:93} INFO - 26/02/05 22:55:10 INFO ResourceUtils: ==============================================================
[2026-02-05T22:55:10.276+0000] {subprocess.py:93} INFO - 26/02/05 22:55:10 INFO ResourceUtils: No custom resources configured for spark.driver.
[2026-02-05T22:55:10.278+0000] {subprocess.py:93} INFO - 26/02/05 22:55:10 INFO ResourceUtils: ==============================================================
[2026-02-05T22:55:10.280+0000] {subprocess.py:93} INFO - 26/02/05 22:55:10 INFO SparkContext: Submitted application: Dashboard
[2026-02-05T22:55:10.418+0000] {subprocess.py:93} INFO - 26/02/05 22:55:10 INFO ResourceProfile: Default ResourceProfile created, executor resources: Map(cores -> name: cores, amount: 1, script: , vendor: , memory -> name: memory, amount: 1024, script: , vendor: , offHeap -> name: offHeap, amount: 0, script: , vendor: ), task resources: Map(cpus -> name: cpus, amount: 1.0)
[2026-02-05T22:55:10.426+0000] {subprocess.py:93} INFO - 26/02/05 22:55:10 INFO ResourceProfile: Limiting resource is cpu
[2026-02-05T22:55:10.427+0000] {subprocess.py:93} INFO - 26/02/05 22:55:10 INFO ResourceProfileManager: Added ResourceProfile id: 0
[2026-02-05T22:55:10.927+0000] {subprocess.py:93} INFO - 26/02/05 22:55:10 INFO SecurityManager: Changing view acls to: default
[2026-02-05T22:55:10.932+0000] {subprocess.py:93} INFO - 26/02/05 22:55:10 INFO SecurityManager: Changing modify acls to: default
[2026-02-05T22:55:10.934+0000] {subprocess.py:93} INFO - 26/02/05 22:55:10 INFO SecurityManager: Changing view acls groups to:
[2026-02-05T22:55:10.936+0000] {subprocess.py:93} INFO - 26/02/05 22:55:10 INFO SecurityManager: Changing modify acls groups to:
[2026-02-05T22:55:10.937+0000] {subprocess.py:93} INFO - 26/02/05 22:55:10 INFO SecurityManager: SecurityManager: authentication disabled; ui acls disabled; users with view permissions: default; groups with view permissions: EMPTY; users with modify permissions: default; groups with modify permissions: EMPTY
[2026-02-05T22:55:11.844+0000] {subprocess.py:93} INFO - 26/02/05 22:55:11 INFO Utils: Successfully started service 'sparkDriver' on port 38241.
[2026-02-05T22:55:12.499+0000] {subprocess.py:93} INFO - 26/02/05 22:55:12 INFO SparkEnv: Registering MapOutputTracker
[2026-02-05T22:55:12.555+0000] {subprocess.py:93} INFO - 26/02/05 22:55:12 INFO SparkEnv: Registering BlockManagerMaster
[2026-02-05T22:55:12.584+0000] {subprocess.py:93} INFO - 26/02/05 22:55:12 INFO BlockManagerMasterEndpoint: Using org.apache.spark.storage.DefaultTopologyMapper for getting topology information
[2026-02-05T22:55:12.585+0000] {subprocess.py:93} INFO - 26/02/05 22:55:12 INFO BlockManagerMasterEndpoint: BlockManagerMasterEndpoint up
[2026-02-05T22:55:12.591+0000] {subprocess.py:93} INFO - Exception in thread "sbt-bg-threads-1" java.lang.IllegalAccessError: Error running public static void Main.main(java.lang.String[]).
[2026-02-05T22:55:12.591+0000] {subprocess.py:93} INFO - java.lang.IllegalAccessError: class org.apache.spark.storage.StorageUtils$ (in unnamed module @0x5081502) cannot access class sun.nio.ch.DirectBuffer (in module java.base) because module java.base does not export sun.nio.ch to unnamed module @0x5081502
[2026-02-05T22:55:12.591+0000] {subprocess.py:93} INFO - If using a layered classloader, this can occur if jvm package private classes are accessed across layers. This can be fixed by changing to the Flat or ScalaInstance class loader layering strategies.
[2026-02-05T22:55:12.592+0000] {subprocess.py:93} INFO - 	at sbt.Run.invokeMain(Run.scala:152)
[2026-02-05T22:55:12.592+0000] {subprocess.py:93} INFO - 	at sbt.Run.execute$1(Run.scala:93)
[2026-02-05T22:55:12.593+0000] {subprocess.py:93} INFO - 	at sbt.Run.$anonfun$runWithLoader$5(Run.scala:120)
[2026-02-05T22:55:12.593+0000] {subprocess.py:93} INFO - 	at sbt.Run$.executeSuccess(Run.scala:186)
[2026-02-05T22:55:12.594+0000] {subprocess.py:93} INFO - 	at sbt.Run.runWithLoader(Run.scala:120)
[2026-02-05T22:55:12.594+0000] {subprocess.py:93} INFO - 	at sbt.Defaults$.$anonfun$bgRunTask$6(Defaults.scala:1980)
[2026-02-05T22:55:12.594+0000] {subprocess.py:93} INFO - 	at sbt.Defaults$.$anonfun$termWrapper$2(Defaults.scala:1919)
[2026-02-05T22:55:12.594+0000] {subprocess.py:93} INFO - 	at scala.runtime.java8.JFunction0$mcV$sp.apply(JFunction0$mcV$sp.java:23)
[2026-02-05T22:55:12.595+0000] {subprocess.py:93} INFO - 	at scala.util.Try$.apply(Try.scala:213)
[2026-02-05T22:55:12.595+0000] {subprocess.py:93} INFO - 	at sbt.internal.BackgroundThreadPool$BackgroundRunnable.run(DefaultBackgroundJobService.scala:366)
[2026-02-05T22:55:12.595+0000] {subprocess.py:93} INFO - 	at java.base/java.util.concurrent.ThreadPoolExecutor.runWorker(ThreadPoolExecutor.java:1136)
[2026-02-05T22:55:12.596+0000] {subprocess.py:93} INFO - 	at java.base/java.util.concurrent.ThreadPoolExecutor$Worker.run(ThreadPoolExecutor.java:635)
[2026-02-05T22:55:12.596+0000] {subprocess.py:93} INFO - 	at java.base/java.lang.Thread.run(Thread.java:840)
[2026-02-05T22:55:12.611+0000] {subprocess.py:93} INFO - [success] Total time: 70 s (01:10), completed Feb 5, 2026, 10:55:12 PM
[2026-02-05T22:55:13.297+0000] {subprocess.py:93} INFO - ✅ ex04 terminé avec succès!
[2026-02-05T22:55:13.299+0000] {subprocess.py:97} INFO - Command exited with return code 0
[2026-02-05T22:55:13.403+0000] {taskinstance.py:340} INFO - ::group::Post task execution logs
[2026-02-05T22:55:13.406+0000] {taskinstance.py:352} INFO - Marking task as SUCCESS. dag_id=nyc_taxi_pipeline, task_id=ex04_dashboard_kpi, run_id=manual__2026-02-05T22:53:49+00:00, execution_date=20260205T225349, start_date=20260205T225350, end_date=20260205T225513
[2026-02-05T22:55:13.530+0000] {local_task_job_runner.py:261} INFO - Task exited with return code 0
[2026-02-05T22:55:13.546+0000] {local_task_job_runner.py:240} INFO - ::endgroup::
