[2026-02-05T22:59:58.226+0000] {local_task_job_runner.py:123} INFO - ::group::Pre task execution logs
[2026-02-05T22:59:58.243+0000] {taskinstance.py:2603} INFO - Dependencies all met for dep_context=non-requeueable deps ti=<TaskInstance: nyc_taxi_pipeline.ex05_ml_prediction manual__2026-02-05T22:53:49+00:00 [queued]>
[2026-02-05T22:59:58.250+0000] {taskinstance.py:2603} INFO - Dependencies all met for dep_context=requeueable deps ti=<TaskInstance: nyc_taxi_pipeline.ex05_ml_prediction manual__2026-02-05T22:53:49+00:00 [queued]>
[2026-02-05T22:59:58.251+0000] {taskinstance.py:2856} INFO - Starting attempt 3 of 3
[2026-02-05T22:59:58.262+0000] {taskinstance.py:2879} INFO - Executing <Task(BashOperator): ex05_ml_prediction> on 2026-02-05 22:53:49+00:00
[2026-02-05T22:59:58.270+0000] {logging_mixin.py:190} WARNING - /home/***/.local/lib/python3.12/site-packages/***/task/task_runner/standard_task_runner.py:70 DeprecationWarning: This process (pid=3450) is multi-threaded, use of fork() may lead to deadlocks in the child.
[2026-02-05T22:59:58.270+0000] {standard_task_runner.py:72} INFO - Started process 3451 to run task
[2026-02-05T22:59:58.269+0000] {standard_task_runner.py:104} INFO - Running: ['***', 'tasks', 'run', 'nyc_taxi_pipeline', 'ex05_ml_prediction', 'manual__2026-02-05T22:53:49+00:00', '--job-id', '124', '--raw', '--subdir', 'DAGS_FOLDER/nyc_taxi_pipeline.py', '--cfg-path', '/tmp/tmp2oz1xalo']
[2026-02-05T22:59:58.271+0000] {standard_task_runner.py:105} INFO - Job 124: Subtask ex05_ml_prediction
[2026-02-05T22:59:58.312+0000] {task_command.py:467} INFO - Running <TaskInstance: nyc_taxi_pipeline.ex05_ml_prediction manual__2026-02-05T22:53:49+00:00 [running]> on host cf729da7de68
[2026-02-05T22:59:58.388+0000] {taskinstance.py:3122} INFO - Exporting env vars: AIRFLOW_CTX_DAG_OWNER='cytech' AIRFLOW_CTX_DAG_ID='nyc_taxi_pipeline' AIRFLOW_CTX_TASK_ID='ex05_ml_prediction' AIRFLOW_CTX_EXECUTION_DATE='2026-02-05T22:53:49+00:00' AIRFLOW_CTX_TRY_NUMBER='3' AIRFLOW_CTX_DAG_RUN_ID='manual__2026-02-05T22:53:49+00:00'
[2026-02-05T22:59:58.389+0000] {taskinstance.py:731} INFO - ::endgroup::
[2026-02-05T22:59:58.405+0000] {subprocess.py:63} INFO - Tmp dir root location: /tmp
[2026-02-05T22:59:58.406+0000] {subprocess.py:75} INFO - Running command: ['/usr/bin/bash', '-c', '\n        set -e\n        \n        echo "🤖 ex05: Exécution des prédictions ML..."\n        cd /opt/***/projet_big_data_cytech\n        \n        if sbt ex5/run; then\n            echo "✅ ex05 terminé avec succès!"\n        else\n            echo "❌ ERREUR: ex05 a échoué!"\n            exit 1\n        fi\n        ']
[2026-02-05T22:59:58.416+0000] {subprocess.py:86} INFO - Output:
[2026-02-05T22:59:58.417+0000] {subprocess.py:93} INFO - 🤖 ex05: Exécution des prédictions ML...
[2026-02-05T23:00:00.083+0000] {subprocess.py:93} INFO - [info] welcome to sbt 1.8.3 (Debian Java 17.0.18)
[2026-02-05T23:00:01.022+0000] {subprocess.py:93} INFO - [info] loading settings for project projet_big_data_cytech-build-build from metals.sbt ...
[2026-02-05T23:00:01.894+0000] {subprocess.py:93} INFO - [info] loading project definition from /opt/***/projet_big_data_cytech/project/project
[2026-02-05T23:00:02.819+0000] {subprocess.py:93} INFO - [info] loading settings for project projet_big_data_cytech-build from metals.sbt ...
[2026-02-05T23:00:03.001+0000] {subprocess.py:93} INFO - [info] loading project definition from /opt/***/projet_big_data_cytech/project
[2026-02-05T23:00:05.137+0000] {subprocess.py:93} INFO - [success] Generated .bloop/projet_big_data_cytech-build.json
[2026-02-05T23:00:05.269+0000] {subprocess.py:93} INFO - [success] Total time: 2 s, completed Feb 5, 2026, 11:00:05 PM
[2026-02-05T23:00:05.529+0000] {subprocess.py:93} INFO - [info] loading settings for project root from build.sbt ...
[2026-02-05T23:00:06.314+0000] {subprocess.py:93} INFO - [info] set current project to projet_ingestion (in build file:/opt/***/projet_big_data_cytech/)
[2026-02-05T23:00:09.678+0000] {subprocess.py:93} INFO - [info] running Main
[2026-02-05T23:00:10.790+0000] {subprocess.py:93} INFO - Using Spark's default log4j profile: org/apache/spark/log4j2-defaults.properties
[2026-02-05T23:00:10.799+0000] {subprocess.py:93} INFO - 26/02/05 23:00:10 INFO SparkContext: Running Spark version 3.5.5
[2026-02-05T23:00:10.803+0000] {subprocess.py:93} INFO - 26/02/05 23:00:10 INFO SparkContext: OS info Linux, 5.15.0-168-generic, amd64
[2026-02-05T23:00:10.804+0000] {subprocess.py:93} INFO - 26/02/05 23:00:10 INFO SparkContext: Java version 17.0.18
[2026-02-05T23:00:10.982+0000] {subprocess.py:93} INFO - 26/02/05 23:00:10 WARN NativeCodeLoader: Unable to load native-hadoop library for your platform... using builtin-java classes where applicable
[2026-02-05T23:00:11.096+0000] {subprocess.py:93} INFO - 26/02/05 23:00:11 INFO ResourceUtils: ==============================================================
[2026-02-05T23:00:11.097+0000] {subprocess.py:93} INFO - 26/02/05 23:00:11 INFO ResourceUtils: No custom resources configured for spark.driver.
[2026-02-05T23:00:11.097+0000] {subprocess.py:93} INFO - 26/02/05 23:00:11 INFO ResourceUtils: ==============================================================
[2026-02-05T23:00:11.098+0000] {subprocess.py:93} INFO - 26/02/05 23:00:11 INFO SparkContext: Submitted application: TipPredictionML
[2026-02-05T23:00:11.121+0000] {subprocess.py:93} INFO - 26/02/05 23:00:11 INFO ResourceProfile: Default ResourceProfile created, executor resources: Map(cores -> name: cores, amount: 1, script: , vendor: , memory -> name: memory, amount: 1024, script: , vendor: , offHeap -> name: offHeap, amount: 0, script: , vendor: ), task resources: Map(cpus -> name: cpus, amount: 1.0)
[2026-02-05T23:00:11.125+0000] {subprocess.py:93} INFO - 26/02/05 23:00:11 INFO ResourceProfile: Limiting resource is cpu
[2026-02-05T23:00:11.126+0000] {subprocess.py:93} INFO - 26/02/05 23:00:11 INFO ResourceProfileManager: Added ResourceProfile id: 0
[2026-02-05T23:00:11.195+0000] {subprocess.py:93} INFO - 26/02/05 23:00:11 INFO SecurityManager: Changing view acls to: default
[2026-02-05T23:00:11.195+0000] {subprocess.py:93} INFO - 26/02/05 23:00:11 INFO SecurityManager: Changing modify acls to: default
[2026-02-05T23:00:11.196+0000] {subprocess.py:93} INFO - 26/02/05 23:00:11 INFO SecurityManager: Changing view acls groups to:
[2026-02-05T23:00:11.196+0000] {subprocess.py:93} INFO - 26/02/05 23:00:11 INFO SecurityManager: Changing modify acls groups to:
[2026-02-05T23:00:11.196+0000] {subprocess.py:93} INFO - 26/02/05 23:00:11 INFO SecurityManager: SecurityManager: authentication disabled; ui acls disabled; users with view permissions: default; groups with view permissions: EMPTY; users with modify permissions: default; groups with modify permissions: EMPTY
[2026-02-05T23:00:11.544+0000] {subprocess.py:93} INFO - 26/02/05 23:00:11 INFO Utils: Successfully started service 'sparkDriver' on port 46273.
[2026-02-05T23:00:11.588+0000] {subprocess.py:93} INFO - 26/02/05 23:00:11 INFO SparkEnv: Registering MapOutputTracker
[2026-02-05T23:00:11.642+0000] {subprocess.py:93} INFO - 26/02/05 23:00:11 INFO SparkEnv: Registering BlockManagerMaster
[2026-02-05T23:00:11.680+0000] {subprocess.py:93} INFO - 26/02/05 23:00:11 INFO BlockManagerMasterEndpoint: Using org.apache.spark.storage.DefaultTopologyMapper for getting topology information
[2026-02-05T23:00:11.681+0000] {subprocess.py:93} INFO - 26/02/05 23:00:11 INFO BlockManagerMasterEndpoint: BlockManagerMasterEndpoint up
[2026-02-05T23:00:11.681+0000] {subprocess.py:93} INFO - [success] Total time: 5 s, completed Feb 5, 2026, 11:00:11 PM
[2026-02-05T23:00:11.683+0000] {subprocess.py:93} INFO - Exception in thread "sbt-bg-threads-1" java.lang.IllegalAccessError: Error running public static void Main.main(java.lang.String[]).
[2026-02-05T23:00:11.684+0000] {subprocess.py:93} INFO - java.lang.IllegalAccessError: class org.apache.spark.storage.StorageUtils$ (in unnamed module @0x695a5aca) cannot access class sun.nio.ch.DirectBuffer (in module java.base) because module java.base does not export sun.nio.ch to unnamed module @0x695a5aca
[2026-02-05T23:00:11.684+0000] {subprocess.py:93} INFO - If using a layered classloader, this can occur if jvm package private classes are accessed across layers. This can be fixed by changing to the Flat or ScalaInstance class loader layering strategies.
[2026-02-05T23:00:11.693+0000] {subprocess.py:93} INFO - 	at sbt.Run.invokeMain(Run.scala:152)
[2026-02-05T23:00:11.693+0000] {subprocess.py:93} INFO - 	at sbt.Run.execute$1(Run.scala:93)
[2026-02-05T23:00:11.694+0000] {subprocess.py:93} INFO - 	at sbt.Run.$anonfun$runWithLoader$5(Run.scala:120)
[2026-02-05T23:00:11.694+0000] {subprocess.py:93} INFO - 	at sbt.Run$.executeSuccess(Run.scala:186)
[2026-02-05T23:00:11.694+0000] {subprocess.py:93} INFO - 	at sbt.Run.runWithLoader(Run.scala:120)
[2026-02-05T23:00:11.694+0000] {subprocess.py:93} INFO - 	at sbt.Defaults$.$anonfun$bgRunTask$6(Defaults.scala:1980)
[2026-02-05T23:00:11.694+0000] {subprocess.py:93} INFO - 	at sbt.Defaults$.$anonfun$termWrapper$2(Defaults.scala:1919)
[2026-02-05T23:00:11.695+0000] {subprocess.py:93} INFO - 	at scala.runtime.java8.JFunction0$mcV$sp.apply(JFunction0$mcV$sp.java:23)
[2026-02-05T23:00:11.695+0000] {subprocess.py:93} INFO - 	at scala.util.Try$.apply(Try.scala:213)
[2026-02-05T23:00:11.695+0000] {subprocess.py:93} INFO - 	at sbt.internal.BackgroundThreadPool$BackgroundRunnable.run(DefaultBackgroundJobService.scala:366)
[2026-02-05T23:00:11.695+0000] {subprocess.py:93} INFO - 	at java.base/java.util.concurrent.ThreadPoolExecutor.runWorker(ThreadPoolExecutor.java:1136)
[2026-02-05T23:00:11.695+0000] {subprocess.py:93} INFO - 	at java.base/java.util.concurrent.ThreadPoolExecutor$Worker.run(ThreadPoolExecutor.java:635)
[2026-02-05T23:00:11.695+0000] {subprocess.py:93} INFO - 	at java.base/java.lang.Thread.run(Thread.java:840)
[2026-02-05T23:00:12.229+0000] {subprocess.py:93} INFO - ✅ ex05 terminé avec succès!
[2026-02-05T23:00:12.230+0000] {subprocess.py:97} INFO - Command exited with return code 0
[2026-02-05T23:00:12.255+0000] {taskinstance.py:340} INFO - ::group::Post task execution logs
[2026-02-05T23:00:12.256+0000] {taskinstance.py:352} INFO - Marking task as SUCCESS. dag_id=nyc_taxi_pipeline, task_id=ex05_ml_prediction, run_id=manual__2026-02-05T22:53:49+00:00, execution_date=20260205T225349, start_date=20260205T225958, end_date=20260205T230012
[2026-02-05T23:00:12.281+0000] {local_task_job_runner.py:261} INFO - Task exited with return code 0
[2026-02-05T23:00:12.295+0000] {taskinstance.py:3891} INFO - 0 downstream tasks scheduled from follow-on schedule check
[2026-02-05T23:00:12.298+0000] {local_task_job_runner.py:240} INFO - ::endgroup::
