[2026-02-12T23:46:52.882+0000] {processor.py:186} INFO - Started process (PID=166) to work on /opt/airflow/dags/nyc_taxi_pipeline.py
[2026-02-12T23:46:52.883+0000] {processor.py:914} INFO - Processing file /opt/airflow/dags/nyc_taxi_pipeline.py for tasks to queue
[2026-02-12T23:46:52.885+0000] {logging_mixin.py:190} INFO - [2026-02-12T23:46:52.885+0000] {dagbag.py:587} INFO - Filling up the DagBag from /opt/airflow/dags/nyc_taxi_pipeline.py
[2026-02-12T23:46:52.907+0000] {processor.py:925} INFO - DAG(s) 'nyc_taxi_pipeline' retrieved from /opt/airflow/dags/nyc_taxi_pipeline.py
[2026-02-12T23:46:53.172+0000] {logging_mixin.py:190} INFO - [2026-02-12T23:46:53.172+0000] {dag.py:3211} INFO - Sync 1 DAGs
[2026-02-12T23:46:53.194+0000] {logging_mixin.py:190} INFO - [2026-02-12T23:46:53.194+0000] {dag.py:4138} INFO - Setting next_dagrun for nyc_taxi_pipeline to None, run_after=None
[2026-02-12T23:46:53.214+0000] {processor.py:208} INFO - Processing /opt/airflow/dags/nyc_taxi_pipeline.py took 0.339 seconds
[2026-02-12T23:47:23.381+0000] {processor.py:186} INFO - Started process (PID=178) to work on /opt/airflow/dags/nyc_taxi_pipeline.py
[2026-02-12T23:47:23.390+0000] {processor.py:914} INFO - Processing file /opt/airflow/dags/nyc_taxi_pipeline.py for tasks to queue
[2026-02-12T23:47:23.393+0000] {logging_mixin.py:190} INFO - [2026-02-12T23:47:23.393+0000] {dagbag.py:587} INFO - Filling up the DagBag from /opt/airflow/dags/nyc_taxi_pipeline.py
[2026-02-12T23:47:23.403+0000] {processor.py:925} INFO - DAG(s) 'nyc_taxi_pipeline' retrieved from /opt/airflow/dags/nyc_taxi_pipeline.py
[2026-02-12T23:47:23.421+0000] {logging_mixin.py:190} INFO - [2026-02-12T23:47:23.420+0000] {dag.py:3211} INFO - Sync 1 DAGs
[2026-02-12T23:47:23.431+0000] {logging_mixin.py:190} INFO - [2026-02-12T23:47:23.431+0000] {dag.py:4138} INFO - Setting next_dagrun for nyc_taxi_pipeline to None, run_after=None
[2026-02-12T23:47:23.445+0000] {processor.py:208} INFO - Processing /opt/airflow/dags/nyc_taxi_pipeline.py took 0.074 seconds
[2026-02-12T23:47:53.544+0000] {processor.py:186} INFO - Started process (PID=190) to work on /opt/airflow/dags/nyc_taxi_pipeline.py
[2026-02-12T23:47:53.552+0000] {processor.py:914} INFO - Processing file /opt/airflow/dags/nyc_taxi_pipeline.py for tasks to queue
[2026-02-12T23:47:53.553+0000] {logging_mixin.py:190} INFO - [2026-02-12T23:47:53.553+0000] {dagbag.py:587} INFO - Filling up the DagBag from /opt/airflow/dags/nyc_taxi_pipeline.py
[2026-02-12T23:47:53.560+0000] {processor.py:925} INFO - DAG(s) 'nyc_taxi_pipeline' retrieved from /opt/airflow/dags/nyc_taxi_pipeline.py
[2026-02-12T23:47:53.580+0000] {logging_mixin.py:190} INFO - [2026-02-12T23:47:53.580+0000] {dag.py:3211} INFO - Sync 1 DAGs
[2026-02-12T23:47:53.593+0000] {logging_mixin.py:190} INFO - [2026-02-12T23:47:53.593+0000] {dag.py:4138} INFO - Setting next_dagrun for nyc_taxi_pipeline to None, run_after=None
[2026-02-12T23:47:53.608+0000] {processor.py:208} INFO - Processing /opt/airflow/dags/nyc_taxi_pipeline.py took 0.068 seconds
[2026-02-12T23:48:23.773+0000] {processor.py:186} INFO - Started process (PID=202) to work on /opt/airflow/dags/nyc_taxi_pipeline.py
[2026-02-12T23:48:23.774+0000] {processor.py:914} INFO - Processing file /opt/airflow/dags/nyc_taxi_pipeline.py for tasks to queue
[2026-02-12T23:48:23.775+0000] {logging_mixin.py:190} INFO - [2026-02-12T23:48:23.775+0000] {dagbag.py:587} INFO - Filling up the DagBag from /opt/airflow/dags/nyc_taxi_pipeline.py
[2026-02-12T23:48:23.781+0000] {processor.py:925} INFO - DAG(s) 'nyc_taxi_pipeline' retrieved from /opt/airflow/dags/nyc_taxi_pipeline.py
[2026-02-12T23:48:23.799+0000] {logging_mixin.py:190} INFO - [2026-02-12T23:48:23.799+0000] {dag.py:3211} INFO - Sync 1 DAGs
[2026-02-12T23:48:23.809+0000] {logging_mixin.py:190} INFO - [2026-02-12T23:48:23.808+0000] {dag.py:4138} INFO - Setting next_dagrun for nyc_taxi_pipeline to None, run_after=None
[2026-02-12T23:48:23.821+0000] {processor.py:208} INFO - Processing /opt/airflow/dags/nyc_taxi_pipeline.py took 0.053 seconds
[2026-02-12T23:48:53.948+0000] {processor.py:186} INFO - Started process (PID=214) to work on /opt/airflow/dags/nyc_taxi_pipeline.py
[2026-02-12T23:48:53.957+0000] {processor.py:914} INFO - Processing file /opt/airflow/dags/nyc_taxi_pipeline.py for tasks to queue
[2026-02-12T23:48:53.959+0000] {logging_mixin.py:190} INFO - [2026-02-12T23:48:53.958+0000] {dagbag.py:587} INFO - Filling up the DagBag from /opt/airflow/dags/nyc_taxi_pipeline.py
[2026-02-12T23:48:53.969+0000] {processor.py:925} INFO - DAG(s) 'nyc_taxi_pipeline' retrieved from /opt/airflow/dags/nyc_taxi_pipeline.py
[2026-02-12T23:48:53.998+0000] {logging_mixin.py:190} INFO - [2026-02-12T23:48:53.998+0000] {dag.py:3211} INFO - Sync 1 DAGs
[2026-02-12T23:48:54.021+0000] {logging_mixin.py:190} INFO - [2026-02-12T23:48:54.021+0000] {dag.py:4138} INFO - Setting next_dagrun for nyc_taxi_pipeline to None, run_after=None
[2026-02-12T23:48:54.048+0000] {processor.py:208} INFO - Processing /opt/airflow/dags/nyc_taxi_pipeline.py took 0.105 seconds
[2026-02-12T23:49:24.154+0000] {processor.py:186} INFO - Started process (PID=226) to work on /opt/airflow/dags/nyc_taxi_pipeline.py
[2026-02-12T23:49:24.155+0000] {processor.py:914} INFO - Processing file /opt/airflow/dags/nyc_taxi_pipeline.py for tasks to queue
[2026-02-12T23:49:24.156+0000] {logging_mixin.py:190} INFO - [2026-02-12T23:49:24.156+0000] {dagbag.py:587} INFO - Filling up the DagBag from /opt/airflow/dags/nyc_taxi_pipeline.py
[2026-02-12T23:49:24.162+0000] {processor.py:925} INFO - DAG(s) 'nyc_taxi_pipeline' retrieved from /opt/airflow/dags/nyc_taxi_pipeline.py
[2026-02-12T23:49:24.180+0000] {logging_mixin.py:190} INFO - [2026-02-12T23:49:24.180+0000] {dag.py:3211} INFO - Sync 1 DAGs
[2026-02-12T23:49:24.190+0000] {logging_mixin.py:190} INFO - [2026-02-12T23:49:24.190+0000] {dag.py:4138} INFO - Setting next_dagrun for nyc_taxi_pipeline to None, run_after=None
[2026-02-12T23:49:24.203+0000] {processor.py:208} INFO - Processing /opt/airflow/dags/nyc_taxi_pipeline.py took 0.054 seconds
[2026-02-12T23:49:54.418+0000] {processor.py:186} INFO - Started process (PID=238) to work on /opt/airflow/dags/nyc_taxi_pipeline.py
[2026-02-12T23:49:54.420+0000] {processor.py:914} INFO - Processing file /opt/airflow/dags/nyc_taxi_pipeline.py for tasks to queue
[2026-02-12T23:49:54.422+0000] {logging_mixin.py:190} INFO - [2026-02-12T23:49:54.422+0000] {dagbag.py:587} INFO - Filling up the DagBag from /opt/airflow/dags/nyc_taxi_pipeline.py
[2026-02-12T23:49:54.438+0000] {processor.py:925} INFO - DAG(s) 'nyc_taxi_pipeline' retrieved from /opt/airflow/dags/nyc_taxi_pipeline.py
[2026-02-12T23:49:54.491+0000] {logging_mixin.py:190} INFO - [2026-02-12T23:49:54.491+0000] {dag.py:3211} INFO - Sync 1 DAGs
[2026-02-12T23:49:54.519+0000] {logging_mixin.py:190} INFO - [2026-02-12T23:49:54.518+0000] {dag.py:4138} INFO - Setting next_dagrun for nyc_taxi_pipeline to None, run_after=None
[2026-02-12T23:49:54.563+0000] {processor.py:208} INFO - Processing /opt/airflow/dags/nyc_taxi_pipeline.py took 0.163 seconds
[2026-02-12T23:50:24.760+0000] {processor.py:186} INFO - Started process (PID=243) to work on /opt/airflow/dags/nyc_taxi_pipeline.py
[2026-02-12T23:50:24.769+0000] {processor.py:914} INFO - Processing file /opt/airflow/dags/nyc_taxi_pipeline.py for tasks to queue
[2026-02-12T23:50:24.772+0000] {logging_mixin.py:190} INFO - [2026-02-12T23:50:24.772+0000] {dagbag.py:587} INFO - Filling up the DagBag from /opt/airflow/dags/nyc_taxi_pipeline.py
[2026-02-12T23:50:24.782+0000] {processor.py:925} INFO - DAG(s) 'nyc_taxi_pipeline' retrieved from /opt/airflow/dags/nyc_taxi_pipeline.py
[2026-02-12T23:50:24.803+0000] {logging_mixin.py:190} INFO - [2026-02-12T23:50:24.803+0000] {dag.py:3211} INFO - Sync 1 DAGs
[2026-02-12T23:50:24.814+0000] {logging_mixin.py:190} INFO - [2026-02-12T23:50:24.814+0000] {dag.py:4138} INFO - Setting next_dagrun for nyc_taxi_pipeline to None, run_after=None
[2026-02-12T23:50:24.827+0000] {processor.py:208} INFO - Processing /opt/airflow/dags/nyc_taxi_pipeline.py took 0.074 seconds
[2026-02-12T23:50:54.948+0000] {processor.py:186} INFO - Started process (PID=255) to work on /opt/airflow/dags/nyc_taxi_pipeline.py
[2026-02-12T23:50:54.957+0000] {processor.py:914} INFO - Processing file /opt/airflow/dags/nyc_taxi_pipeline.py for tasks to queue
[2026-02-12T23:50:54.959+0000] {logging_mixin.py:190} INFO - [2026-02-12T23:50:54.958+0000] {dagbag.py:587} INFO - Filling up the DagBag from /opt/airflow/dags/nyc_taxi_pipeline.py
[2026-02-12T23:50:54.967+0000] {processor.py:925} INFO - DAG(s) 'nyc_taxi_pipeline' retrieved from /opt/airflow/dags/nyc_taxi_pipeline.py
[2026-02-12T23:50:54.987+0000] {logging_mixin.py:190} INFO - [2026-02-12T23:50:54.987+0000] {dag.py:3211} INFO - Sync 1 DAGs
[2026-02-12T23:50:54.997+0000] {logging_mixin.py:190} INFO - [2026-02-12T23:50:54.997+0000] {dag.py:4138} INFO - Setting next_dagrun for nyc_taxi_pipeline to None, run_after=None
[2026-02-12T23:50:55.010+0000] {processor.py:208} INFO - Processing /opt/airflow/dags/nyc_taxi_pipeline.py took 0.067 seconds
[2026-02-12T23:51:25.170+0000] {processor.py:186} INFO - Started process (PID=266) to work on /opt/airflow/dags/nyc_taxi_pipeline.py
[2026-02-12T23:51:25.177+0000] {processor.py:914} INFO - Processing file /opt/airflow/dags/nyc_taxi_pipeline.py for tasks to queue
[2026-02-12T23:51:25.179+0000] {logging_mixin.py:190} INFO - [2026-02-12T23:51:25.178+0000] {dagbag.py:587} INFO - Filling up the DagBag from /opt/airflow/dags/nyc_taxi_pipeline.py
[2026-02-12T23:51:25.185+0000] {processor.py:925} INFO - DAG(s) 'nyc_taxi_pipeline' retrieved from /opt/airflow/dags/nyc_taxi_pipeline.py
[2026-02-12T23:51:25.203+0000] {logging_mixin.py:190} INFO - [2026-02-12T23:51:25.203+0000] {dag.py:3211} INFO - Sync 1 DAGs
[2026-02-12T23:51:25.213+0000] {logging_mixin.py:190} INFO - [2026-02-12T23:51:25.213+0000] {dag.py:4138} INFO - Setting next_dagrun for nyc_taxi_pipeline to None, run_after=None
[2026-02-12T23:51:25.226+0000] {processor.py:208} INFO - Processing /opt/airflow/dags/nyc_taxi_pipeline.py took 0.061 seconds
[2026-02-12T23:51:55.363+0000] {processor.py:186} INFO - Started process (PID=278) to work on /opt/airflow/dags/nyc_taxi_pipeline.py
[2026-02-12T23:51:55.364+0000] {processor.py:914} INFO - Processing file /opt/airflow/dags/nyc_taxi_pipeline.py for tasks to queue
[2026-02-12T23:51:55.366+0000] {logging_mixin.py:190} INFO - [2026-02-12T23:51:55.366+0000] {dagbag.py:587} INFO - Filling up the DagBag from /opt/airflow/dags/nyc_taxi_pipeline.py
[2026-02-12T23:51:55.374+0000] {processor.py:925} INFO - DAG(s) 'nyc_taxi_pipeline' retrieved from /opt/airflow/dags/nyc_taxi_pipeline.py
[2026-02-12T23:51:55.398+0000] {logging_mixin.py:190} INFO - [2026-02-12T23:51:55.398+0000] {dag.py:3211} INFO - Sync 1 DAGs
[2026-02-12T23:51:55.412+0000] {logging_mixin.py:190} INFO - [2026-02-12T23:51:55.412+0000] {dag.py:4138} INFO - Setting next_dagrun for nyc_taxi_pipeline to None, run_after=None
[2026-02-12T23:51:55.431+0000] {processor.py:208} INFO - Processing /opt/airflow/dags/nyc_taxi_pipeline.py took 0.073 seconds
[2026-02-12T23:52:25.576+0000] {processor.py:186} INFO - Started process (PID=290) to work on /opt/airflow/dags/nyc_taxi_pipeline.py
[2026-02-12T23:52:25.576+0000] {processor.py:914} INFO - Processing file /opt/airflow/dags/nyc_taxi_pipeline.py for tasks to queue
[2026-02-12T23:52:25.578+0000] {logging_mixin.py:190} INFO - [2026-02-12T23:52:25.578+0000] {dagbag.py:587} INFO - Filling up the DagBag from /opt/airflow/dags/nyc_taxi_pipeline.py
[2026-02-12T23:52:25.584+0000] {processor.py:925} INFO - DAG(s) 'nyc_taxi_pipeline' retrieved from /opt/airflow/dags/nyc_taxi_pipeline.py
[2026-02-12T23:52:25.602+0000] {logging_mixin.py:190} INFO - [2026-02-12T23:52:25.602+0000] {dag.py:3211} INFO - Sync 1 DAGs
[2026-02-12T23:52:25.612+0000] {logging_mixin.py:190} INFO - [2026-02-12T23:52:25.612+0000] {dag.py:4138} INFO - Setting next_dagrun for nyc_taxi_pipeline to None, run_after=None
[2026-02-12T23:52:25.625+0000] {processor.py:208} INFO - Processing /opt/airflow/dags/nyc_taxi_pipeline.py took 0.055 seconds
[2026-02-12T23:52:55.787+0000] {processor.py:186} INFO - Started process (PID=302) to work on /opt/airflow/dags/nyc_taxi_pipeline.py
[2026-02-12T23:52:55.796+0000] {processor.py:914} INFO - Processing file /opt/airflow/dags/nyc_taxi_pipeline.py for tasks to queue
[2026-02-12T23:52:55.798+0000] {logging_mixin.py:190} INFO - [2026-02-12T23:52:55.798+0000] {dagbag.py:587} INFO - Filling up the DagBag from /opt/airflow/dags/nyc_taxi_pipeline.py
[2026-02-12T23:52:55.810+0000] {processor.py:925} INFO - DAG(s) 'nyc_taxi_pipeline' retrieved from /opt/airflow/dags/nyc_taxi_pipeline.py
[2026-02-12T23:52:55.827+0000] {logging_mixin.py:190} INFO - [2026-02-12T23:52:55.827+0000] {dag.py:3211} INFO - Sync 1 DAGs
[2026-02-12T23:52:55.837+0000] {logging_mixin.py:190} INFO - [2026-02-12T23:52:55.837+0000] {dag.py:4138} INFO - Setting next_dagrun for nyc_taxi_pipeline to None, run_after=None
[2026-02-12T23:52:55.851+0000] {processor.py:208} INFO - Processing /opt/airflow/dags/nyc_taxi_pipeline.py took 0.067 seconds
[2026-02-12T23:53:25.976+0000] {processor.py:186} INFO - Started process (PID=314) to work on /opt/airflow/dags/nyc_taxi_pipeline.py
[2026-02-12T23:53:25.984+0000] {processor.py:914} INFO - Processing file /opt/airflow/dags/nyc_taxi_pipeline.py for tasks to queue
[2026-02-12T23:53:25.987+0000] {logging_mixin.py:190} INFO - [2026-02-12T23:53:25.986+0000] {dagbag.py:587} INFO - Filling up the DagBag from /opt/airflow/dags/nyc_taxi_pipeline.py
[2026-02-12T23:53:25.997+0000] {processor.py:925} INFO - DAG(s) 'nyc_taxi_pipeline' retrieved from /opt/airflow/dags/nyc_taxi_pipeline.py
[2026-02-12T23:53:26.031+0000] {logging_mixin.py:190} INFO - [2026-02-12T23:53:26.031+0000] {dag.py:3211} INFO - Sync 1 DAGs
[2026-02-12T23:53:26.054+0000] {logging_mixin.py:190} INFO - [2026-02-12T23:53:26.053+0000] {dag.py:4138} INFO - Setting next_dagrun for nyc_taxi_pipeline to None, run_after=None
[2026-02-12T23:53:26.084+0000] {processor.py:208} INFO - Processing /opt/airflow/dags/nyc_taxi_pipeline.py took 0.114 seconds
[2026-02-12T23:53:56.198+0000] {processor.py:186} INFO - Started process (PID=326) to work on /opt/airflow/dags/nyc_taxi_pipeline.py
[2026-02-12T23:53:56.206+0000] {processor.py:914} INFO - Processing file /opt/airflow/dags/nyc_taxi_pipeline.py for tasks to queue
[2026-02-12T23:53:56.208+0000] {logging_mixin.py:190} INFO - [2026-02-12T23:53:56.208+0000] {dagbag.py:587} INFO - Filling up the DagBag from /opt/airflow/dags/nyc_taxi_pipeline.py
[2026-02-12T23:53:56.215+0000] {processor.py:925} INFO - DAG(s) 'nyc_taxi_pipeline' retrieved from /opt/airflow/dags/nyc_taxi_pipeline.py
[2026-02-12T23:53:56.234+0000] {logging_mixin.py:190} INFO - [2026-02-12T23:53:56.233+0000] {dag.py:3211} INFO - Sync 1 DAGs
[2026-02-12T23:53:56.243+0000] {logging_mixin.py:190} INFO - [2026-02-12T23:53:56.243+0000] {dag.py:4138} INFO - Setting next_dagrun for nyc_taxi_pipeline to None, run_after=None
[2026-02-12T23:53:56.256+0000] {processor.py:208} INFO - Processing /opt/airflow/dags/nyc_taxi_pipeline.py took 0.062 seconds
[2026-02-12T23:54:26.428+0000] {processor.py:186} INFO - Started process (PID=338) to work on /opt/airflow/dags/nyc_taxi_pipeline.py
[2026-02-12T23:54:26.436+0000] {processor.py:914} INFO - Processing file /opt/airflow/dags/nyc_taxi_pipeline.py for tasks to queue
[2026-02-12T23:54:26.439+0000] {logging_mixin.py:190} INFO - [2026-02-12T23:54:26.439+0000] {dagbag.py:587} INFO - Filling up the DagBag from /opt/airflow/dags/nyc_taxi_pipeline.py
[2026-02-12T23:54:26.450+0000] {processor.py:925} INFO - DAG(s) 'nyc_taxi_pipeline' retrieved from /opt/airflow/dags/nyc_taxi_pipeline.py
[2026-02-12T23:54:26.472+0000] {logging_mixin.py:190} INFO - [2026-02-12T23:54:26.471+0000] {dag.py:3211} INFO - Sync 1 DAGs
[2026-02-12T23:54:26.483+0000] {logging_mixin.py:190} INFO - [2026-02-12T23:54:26.482+0000] {dag.py:4138} INFO - Setting next_dagrun for nyc_taxi_pipeline to None, run_after=None
[2026-02-12T23:54:26.497+0000] {processor.py:208} INFO - Processing /opt/airflow/dags/nyc_taxi_pipeline.py took 0.077 seconds
[2026-02-12T23:54:56.623+0000] {processor.py:186} INFO - Started process (PID=349) to work on /opt/airflow/dags/nyc_taxi_pipeline.py
[2026-02-12T23:54:56.631+0000] {processor.py:914} INFO - Processing file /opt/airflow/dags/nyc_taxi_pipeline.py for tasks to queue
[2026-02-12T23:54:56.635+0000] {logging_mixin.py:190} INFO - [2026-02-12T23:54:56.634+0000] {dagbag.py:587} INFO - Filling up the DagBag from /opt/airflow/dags/nyc_taxi_pipeline.py
[2026-02-12T23:54:56.642+0000] {processor.py:925} INFO - DAG(s) 'nyc_taxi_pipeline' retrieved from /opt/airflow/dags/nyc_taxi_pipeline.py
[2026-02-12T23:54:56.663+0000] {logging_mixin.py:190} INFO - [2026-02-12T23:54:56.663+0000] {dag.py:3211} INFO - Sync 1 DAGs
[2026-02-12T23:54:56.673+0000] {logging_mixin.py:190} INFO - [2026-02-12T23:54:56.672+0000] {dag.py:4138} INFO - Setting next_dagrun for nyc_taxi_pipeline to None, run_after=None
[2026-02-12T23:54:56.685+0000] {processor.py:208} INFO - Processing /opt/airflow/dags/nyc_taxi_pipeline.py took 0.068 seconds
[2026-02-12T23:55:26.863+0000] {processor.py:186} INFO - Started process (PID=362) to work on /opt/airflow/dags/nyc_taxi_pipeline.py
[2026-02-12T23:55:26.867+0000] {processor.py:914} INFO - Processing file /opt/airflow/dags/nyc_taxi_pipeline.py for tasks to queue
[2026-02-12T23:55:26.868+0000] {logging_mixin.py:190} INFO - [2026-02-12T23:55:26.868+0000] {dagbag.py:587} INFO - Filling up the DagBag from /opt/airflow/dags/nyc_taxi_pipeline.py
[2026-02-12T23:55:26.874+0000] {processor.py:925} INFO - DAG(s) 'nyc_taxi_pipeline' retrieved from /opt/airflow/dags/nyc_taxi_pipeline.py
[2026-02-12T23:55:26.895+0000] {logging_mixin.py:190} INFO - [2026-02-12T23:55:26.894+0000] {dag.py:3211} INFO - Sync 1 DAGs
[2026-02-12T23:55:26.907+0000] {logging_mixin.py:190} INFO - [2026-02-12T23:55:26.906+0000] {dag.py:4138} INFO - Setting next_dagrun for nyc_taxi_pipeline to None, run_after=None
[2026-02-12T23:55:26.921+0000] {processor.py:208} INFO - Processing /opt/airflow/dags/nyc_taxi_pipeline.py took 0.064 seconds
[2026-02-12T23:55:57.058+0000] {processor.py:186} INFO - Started process (PID=374) to work on /opt/airflow/dags/nyc_taxi_pipeline.py
[2026-02-12T23:55:57.066+0000] {processor.py:914} INFO - Processing file /opt/airflow/dags/nyc_taxi_pipeline.py for tasks to queue
[2026-02-12T23:55:57.070+0000] {logging_mixin.py:190} INFO - [2026-02-12T23:55:57.069+0000] {dagbag.py:587} INFO - Filling up the DagBag from /opt/airflow/dags/nyc_taxi_pipeline.py
[2026-02-12T23:55:57.079+0000] {processor.py:925} INFO - DAG(s) 'nyc_taxi_pipeline' retrieved from /opt/airflow/dags/nyc_taxi_pipeline.py
[2026-02-12T23:55:57.098+0000] {logging_mixin.py:190} INFO - [2026-02-12T23:55:57.098+0000] {dag.py:3211} INFO - Sync 1 DAGs
[2026-02-12T23:55:57.108+0000] {logging_mixin.py:190} INFO - [2026-02-12T23:55:57.108+0000] {dag.py:4138} INFO - Setting next_dagrun for nyc_taxi_pipeline to None, run_after=None
[2026-02-12T23:55:57.121+0000] {processor.py:208} INFO - Processing /opt/airflow/dags/nyc_taxi_pipeline.py took 0.069 seconds
[2026-02-12T23:56:27.263+0000] {processor.py:186} INFO - Started process (PID=386) to work on /opt/airflow/dags/nyc_taxi_pipeline.py
[2026-02-12T23:56:27.271+0000] {processor.py:914} INFO - Processing file /opt/airflow/dags/nyc_taxi_pipeline.py for tasks to queue
[2026-02-12T23:56:27.273+0000] {logging_mixin.py:190} INFO - [2026-02-12T23:56:27.273+0000] {dagbag.py:587} INFO - Filling up the DagBag from /opt/airflow/dags/nyc_taxi_pipeline.py
[2026-02-12T23:56:27.279+0000] {processor.py:925} INFO - DAG(s) 'nyc_taxi_pipeline' retrieved from /opt/airflow/dags/nyc_taxi_pipeline.py
[2026-02-12T23:56:27.299+0000] {logging_mixin.py:190} INFO - [2026-02-12T23:56:27.299+0000] {dag.py:3211} INFO - Sync 1 DAGs
[2026-02-12T23:56:27.311+0000] {logging_mixin.py:190} INFO - [2026-02-12T23:56:27.311+0000] {dag.py:4138} INFO - Setting next_dagrun for nyc_taxi_pipeline to None, run_after=None
[2026-02-12T23:56:27.326+0000] {processor.py:208} INFO - Processing /opt/airflow/dags/nyc_taxi_pipeline.py took 0.067 seconds
[2026-02-12T23:56:57.499+0000] {processor.py:186} INFO - Started process (PID=391) to work on /opt/airflow/dags/nyc_taxi_pipeline.py
[2026-02-12T23:56:57.508+0000] {processor.py:914} INFO - Processing file /opt/airflow/dags/nyc_taxi_pipeline.py for tasks to queue
[2026-02-12T23:56:57.511+0000] {logging_mixin.py:190} INFO - [2026-02-12T23:56:57.510+0000] {dagbag.py:587} INFO - Filling up the DagBag from /opt/airflow/dags/nyc_taxi_pipeline.py
[2026-02-12T23:56:57.520+0000] {processor.py:925} INFO - DAG(s) 'nyc_taxi_pipeline' retrieved from /opt/airflow/dags/nyc_taxi_pipeline.py
[2026-02-12T23:56:57.538+0000] {logging_mixin.py:190} INFO - [2026-02-12T23:56:57.538+0000] {dag.py:3211} INFO - Sync 1 DAGs
[2026-02-12T23:56:57.548+0000] {logging_mixin.py:190} INFO - [2026-02-12T23:56:57.548+0000] {dag.py:4138} INFO - Setting next_dagrun for nyc_taxi_pipeline to None, run_after=None
[2026-02-12T23:56:57.561+0000] {processor.py:208} INFO - Processing /opt/airflow/dags/nyc_taxi_pipeline.py took 0.068 seconds
[2026-02-12T23:57:27.683+0000] {processor.py:186} INFO - Started process (PID=403) to work on /opt/airflow/dags/nyc_taxi_pipeline.py
[2026-02-12T23:57:27.692+0000] {processor.py:914} INFO - Processing file /opt/airflow/dags/nyc_taxi_pipeline.py for tasks to queue
[2026-02-12T23:57:27.695+0000] {logging_mixin.py:190} INFO - [2026-02-12T23:57:27.694+0000] {dagbag.py:587} INFO - Filling up the DagBag from /opt/airflow/dags/nyc_taxi_pipeline.py
[2026-02-12T23:57:27.705+0000] {processor.py:925} INFO - DAG(s) 'nyc_taxi_pipeline' retrieved from /opt/airflow/dags/nyc_taxi_pipeline.py
[2026-02-12T23:57:27.726+0000] {logging_mixin.py:190} INFO - [2026-02-12T23:57:27.726+0000] {dag.py:3211} INFO - Sync 1 DAGs
[2026-02-12T23:57:27.737+0000] {logging_mixin.py:190} INFO - [2026-02-12T23:57:27.737+0000] {dag.py:4138} INFO - Setting next_dagrun for nyc_taxi_pipeline to None, run_after=None
[2026-02-12T23:57:27.750+0000] {processor.py:208} INFO - Processing /opt/airflow/dags/nyc_taxi_pipeline.py took 0.075 seconds
[2026-02-12T23:57:57.906+0000] {processor.py:186} INFO - Started process (PID=415) to work on /opt/airflow/dags/nyc_taxi_pipeline.py
[2026-02-12T23:57:57.914+0000] {processor.py:914} INFO - Processing file /opt/airflow/dags/nyc_taxi_pipeline.py for tasks to queue
[2026-02-12T23:57:57.917+0000] {logging_mixin.py:190} INFO - [2026-02-12T23:57:57.916+0000] {dagbag.py:587} INFO - Filling up the DagBag from /opt/airflow/dags/nyc_taxi_pipeline.py
[2026-02-12T23:57:57.931+0000] {processor.py:925} INFO - DAG(s) 'nyc_taxi_pipeline' retrieved from /opt/airflow/dags/nyc_taxi_pipeline.py
[2026-02-12T23:57:57.988+0000] {logging_mixin.py:190} INFO - [2026-02-12T23:57:57.988+0000] {dag.py:3211} INFO - Sync 1 DAGs
[2026-02-12T23:57:58.012+0000] {logging_mixin.py:190} INFO - [2026-02-12T23:57:58.011+0000] {dag.py:4138} INFO - Setting next_dagrun for nyc_taxi_pipeline to None, run_after=None
[2026-02-12T23:57:58.044+0000] {processor.py:208} INFO - Processing /opt/airflow/dags/nyc_taxi_pipeline.py took 0.147 seconds
[2026-02-12T23:58:28.193+0000] {processor.py:186} INFO - Started process (PID=427) to work on /opt/airflow/dags/nyc_taxi_pipeline.py
[2026-02-12T23:58:28.194+0000] {processor.py:914} INFO - Processing file /opt/airflow/dags/nyc_taxi_pipeline.py for tasks to queue
[2026-02-12T23:58:28.198+0000] {logging_mixin.py:190} INFO - [2026-02-12T23:58:28.196+0000] {dagbag.py:587} INFO - Filling up the DagBag from /opt/airflow/dags/nyc_taxi_pipeline.py
[2026-02-12T23:58:28.217+0000] {processor.py:925} INFO - DAG(s) 'nyc_taxi_pipeline' retrieved from /opt/airflow/dags/nyc_taxi_pipeline.py
[2026-02-12T23:58:28.248+0000] {logging_mixin.py:190} INFO - [2026-02-12T23:58:28.248+0000] {dag.py:3211} INFO - Sync 1 DAGs
[2026-02-12T23:58:28.267+0000] {logging_mixin.py:190} INFO - [2026-02-12T23:58:28.267+0000] {dag.py:4138} INFO - Setting next_dagrun for nyc_taxi_pipeline to None, run_after=None
[2026-02-12T23:58:28.293+0000] {processor.py:208} INFO - Processing /opt/airflow/dags/nyc_taxi_pipeline.py took 0.108 seconds
[2026-02-12T23:58:58.392+0000] {processor.py:186} INFO - Started process (PID=439) to work on /opt/airflow/dags/nyc_taxi_pipeline.py
[2026-02-12T23:58:58.393+0000] {processor.py:914} INFO - Processing file /opt/airflow/dags/nyc_taxi_pipeline.py for tasks to queue
[2026-02-12T23:58:58.396+0000] {logging_mixin.py:190} INFO - [2026-02-12T23:58:58.395+0000] {dagbag.py:587} INFO - Filling up the DagBag from /opt/airflow/dags/nyc_taxi_pipeline.py
[2026-02-12T23:58:58.412+0000] {processor.py:925} INFO - DAG(s) 'nyc_taxi_pipeline' retrieved from /opt/airflow/dags/nyc_taxi_pipeline.py
[2026-02-12T23:58:58.442+0000] {logging_mixin.py:190} INFO - [2026-02-12T23:58:58.442+0000] {dag.py:3211} INFO - Sync 1 DAGs
[2026-02-12T23:58:58.464+0000] {logging_mixin.py:190} INFO - [2026-02-12T23:58:58.464+0000] {dag.py:4138} INFO - Setting next_dagrun for nyc_taxi_pipeline to None, run_after=None
[2026-02-12T23:58:58.483+0000] {processor.py:208} INFO - Processing /opt/airflow/dags/nyc_taxi_pipeline.py took 0.100 seconds
[2026-02-12T23:59:28.637+0000] {processor.py:186} INFO - Started process (PID=452) to work on /opt/airflow/dags/nyc_taxi_pipeline.py
[2026-02-12T23:59:28.638+0000] {processor.py:914} INFO - Processing file /opt/airflow/dags/nyc_taxi_pipeline.py for tasks to queue
[2026-02-12T23:59:28.642+0000] {logging_mixin.py:190} INFO - [2026-02-12T23:59:28.641+0000] {dagbag.py:587} INFO - Filling up the DagBag from /opt/airflow/dags/nyc_taxi_pipeline.py
[2026-02-12T23:59:28.656+0000] {processor.py:925} INFO - DAG(s) 'nyc_taxi_pipeline' retrieved from /opt/airflow/dags/nyc_taxi_pipeline.py
[2026-02-12T23:59:28.696+0000] {logging_mixin.py:190} INFO - [2026-02-12T23:59:28.695+0000] {dag.py:3211} INFO - Sync 1 DAGs
[2026-02-12T23:59:28.749+0000] {logging_mixin.py:190} INFO - [2026-02-12T23:59:28.748+0000] {dag.py:4138} INFO - Setting next_dagrun for nyc_taxi_pipeline to None, run_after=None
[2026-02-12T23:59:28.777+0000] {processor.py:208} INFO - Processing /opt/airflow/dags/nyc_taxi_pipeline.py took 0.148 seconds
[2026-02-12T23:59:58.866+0000] {processor.py:186} INFO - Started process (PID=464) to work on /opt/airflow/dags/nyc_taxi_pipeline.py
[2026-02-12T23:59:58.867+0000] {processor.py:914} INFO - Processing file /opt/airflow/dags/nyc_taxi_pipeline.py for tasks to queue
[2026-02-12T23:59:58.873+0000] {logging_mixin.py:190} INFO - [2026-02-12T23:59:58.872+0000] {dagbag.py:587} INFO - Filling up the DagBag from /opt/airflow/dags/nyc_taxi_pipeline.py
[2026-02-12T23:59:58.896+0000] {processor.py:925} INFO - DAG(s) 'nyc_taxi_pipeline' retrieved from /opt/airflow/dags/nyc_taxi_pipeline.py
[2026-02-12T23:59:58.949+0000] {logging_mixin.py:190} INFO - [2026-02-12T23:59:58.949+0000] {dag.py:3211} INFO - Sync 1 DAGs
[2026-02-12T23:59:58.976+0000] {logging_mixin.py:190} INFO - [2026-02-12T23:59:58.976+0000] {dag.py:4138} INFO - Setting next_dagrun for nyc_taxi_pipeline to None, run_after=None
[2026-02-12T23:59:59.004+0000] {processor.py:208} INFO - Processing /opt/airflow/dags/nyc_taxi_pipeline.py took 0.151 seconds
