[2026-02-04T21:00:05.688+0000] {taskinstance.py:1957} INFO - Dependencies all met for dep_context=non-requeueable deps ti=<TaskInstance: nyc_taxi_pipeline.ex02_data_ingestion manual__2026-02-04T20:54:02.580688+00:00 [queued]>
[2026-02-04T21:00:05.701+0000] {taskinstance.py:1957} INFO - Dependencies all met for dep_context=requeueable deps ti=<TaskInstance: nyc_taxi_pipeline.ex02_data_ingestion manual__2026-02-04T20:54:02.580688+00:00 [queued]>
[2026-02-04T21:00:05.701+0000] {taskinstance.py:2171} INFO - Starting attempt 3 of 3
[2026-02-04T21:00:05.719+0000] {taskinstance.py:2192} INFO - Executing <Task(BashOperator): ex02_data_ingestion> on 2026-02-04 20:54:02.580688+00:00
[2026-02-04T21:00:05.725+0000] {standard_task_runner.py:60} INFO - Started process 381 to run task
[2026-02-04T21:00:05.728+0000] {standard_task_runner.py:87} INFO - Running: ['***', 'tasks', 'run', 'nyc_taxi_pipeline', 'ex02_data_ingestion', 'manual__2026-02-04T20:54:02.580688+00:00', '--job-id', '25', '--raw', '--subdir', 'DAGS_FOLDER/nyc_taxi_pipeline.py', '--cfg-path', '/tmp/tmpeuhtvxbe']
[2026-02-04T21:00:05.733+0000] {standard_task_runner.py:88} INFO - Job 25: Subtask ex02_data_ingestion
[2026-02-04T21:00:05.781+0000] {task_command.py:423} INFO - Running <TaskInstance: nyc_taxi_pipeline.ex02_data_ingestion manual__2026-02-04T20:54:02.580688+00:00 [running]> on host ace8665f10f5
[2026-02-04T21:00:05.850+0000] {taskinstance.py:2481} INFO - Exporting env vars: AIRFLOW_CTX_DAG_OWNER='cytech' AIRFLOW_CTX_DAG_ID='nyc_taxi_pipeline' AIRFLOW_CTX_TASK_ID='ex02_data_ingestion' AIRFLOW_CTX_EXECUTION_DATE='2026-02-04T20:54:02.580688+00:00' AIRFLOW_CTX_TRY_NUMBER='3' AIRFLOW_CTX_DAG_RUN_ID='manual__2026-02-04T20:54:02.580688+00:00'
[2026-02-04T21:00:05.851+0000] {subprocess.py:63} INFO - Tmp dir root location: /tmp
[2026-02-04T21:00:05.852+0000] {subprocess.py:75} INFO - Running command: ['/usr/bin/bash', '-c', '\n        set -e\n        \n        echo "🧹 ex02: Nettoyage et transformation des données..."\n        \n        if sbt "project ex02_data_ingestion" run; then\n            echo "✅ ex02 terminé avec succès!"\n        else\n            echo "❌ ERREUR: ex02 a échoué!"\n            exit 1\n        fi\n        ']
[2026-02-04T21:00:05.864+0000] {subprocess.py:86} INFO - Output:
[2026-02-04T21:00:05.866+0000] {subprocess.py:93} INFO - 🧹 ex02: Nettoyage et transformation des données...
[2026-02-04T21:00:05.867+0000] {subprocess.py:93} INFO - /usr/bin/bash: line 6: sbt: command not found
[2026-02-04T21:00:05.867+0000] {subprocess.py:93} INFO - ❌ ERREUR: ex02 a échoué!
[2026-02-04T21:00:05.867+0000] {subprocess.py:97} INFO - Command exited with return code 1
[2026-02-04T21:00:05.877+0000] {taskinstance.py:2699} ERROR - Task failed with exception
Traceback (most recent call last):
  File "/home/airflow/.local/lib/python3.8/site-packages/airflow/models/taskinstance.py", line 433, in _execute_task
    result = execute_callable(context=context, **execute_callable_kwargs)
  File "/home/airflow/.local/lib/python3.8/site-packages/airflow/operators/bash.py", line 212, in execute
    raise AirflowException(
airflow.exceptions.AirflowException: Bash command failed. The command returned a non-zero exit code 1.
[2026-02-04T21:00:05.882+0000] {taskinstance.py:1138} INFO - Marking task as FAILED. dag_id=nyc_taxi_pipeline, task_id=ex02_data_ingestion, execution_date=20260204T205402, start_date=20260204T210005, end_date=20260204T210005
[2026-02-04T21:00:05.916+0000] {standard_task_runner.py:107} ERROR - Failed to execute job 25 for task ex02_data_ingestion (Bash command failed. The command returned a non-zero exit code 1.; 381)
[2026-02-04T21:00:05.940+0000] {local_task_job_runner.py:234} INFO - Task exited with return code 1
[2026-02-04T21:00:05.957+0000] {taskinstance.py:3281} INFO - 0 downstream tasks scheduled from follow-on schedule check
