[2026-02-05T21:20:00.087+0000] {local_task_job_runner.py:123} INFO - ::group::Pre task execution logs
[2026-02-05T21:20:00.133+0000] {taskinstance.py:2603} INFO - Dependencies all met for dep_context=non-requeueable deps ti=<TaskInstance: nyc_taxi_pipeline.ex01_download_data manual__2026-02-05T21:16:42.764755+00:00 [queued]>
[2026-02-05T21:20:00.156+0000] {taskinstance.py:2603} INFO - Dependencies all met for dep_context=requeueable deps ti=<TaskInstance: nyc_taxi_pipeline.ex01_download_data manual__2026-02-05T21:16:42.764755+00:00 [queued]>
[2026-02-05T21:20:00.157+0000] {taskinstance.py:2856} INFO - Starting attempt 2 of 4
[2026-02-05T21:20:00.195+0000] {taskinstance.py:2879} INFO - Executing <Task(BashOperator): ex01_download_data> on 2026-02-05 21:16:42.764755+00:00
[2026-02-05T21:20:00.209+0000] {logging_mixin.py:190} WARNING - /home/***/.local/lib/python3.12/site-packages/***/task/task_runner/standard_task_runner.py:70 DeprecationWarning: This process (pid=1100) is multi-threaded, use of fork() may lead to deadlocks in the child.
[2026-02-05T21:20:00.211+0000] {standard_task_runner.py:72} INFO - Started process 1101 to run task
[2026-02-05T21:20:00.210+0000] {standard_task_runner.py:104} INFO - Running: ['***', 'tasks', 'run', 'nyc_taxi_pipeline', 'ex01_download_data', 'manual__2026-02-05T21:16:42.764755+00:00', '--job-id', '61', '--raw', '--subdir', 'DAGS_FOLDER/nyc_taxi_pipeline.py', '--cfg-path', '/tmp/tmp88ajouzl']
[2026-02-05T21:20:00.213+0000] {standard_task_runner.py:105} INFO - Job 61: Subtask ex01_download_data
[2026-02-05T21:20:00.290+0000] {task_command.py:467} INFO - Running <TaskInstance: nyc_taxi_pipeline.ex01_download_data manual__2026-02-05T21:16:42.764755+00:00 [running]> on host 35c5c3e4d956
[2026-02-05T21:20:00.458+0000] {taskinstance.py:3122} INFO - Exporting env vars: AIRFLOW_CTX_DAG_OWNER='cytech' AIRFLOW_CTX_DAG_ID='nyc_taxi_pipeline' AIRFLOW_CTX_TASK_ID='ex01_download_data' AIRFLOW_CTX_EXECUTION_DATE='2026-02-05T21:16:42.764755+00:00' AIRFLOW_CTX_TRY_NUMBER='2' AIRFLOW_CTX_DAG_RUN_ID='manual__2026-02-05T21:16:42.764755+00:00'
[2026-02-05T21:20:00.459+0000] {taskinstance.py:731} INFO - ::endgroup::
[2026-02-05T21:20:00.490+0000] {subprocess.py:63} INFO - Tmp dir root location: /tmp
[2026-02-05T21:20:00.492+0000] {subprocess.py:75} INFO - Running command: ['/usr/bin/bash', '-c', '\n        set -e  # Arrêter si erreur\n        \n        echo "📥 ex01: Téléchargement des données NYC Taxi..."\n        \n        if sbt ex1/run; then\n            echo "✅ ex01 terminé avec succès!"\n        else\n            echo "❌ ERREUR: ex01 a échoué!"\n            exit 1\n        fi\n        ']
[2026-02-05T21:20:00.508+0000] {subprocess.py:86} INFO - Output:
[2026-02-05T21:20:00.511+0000] {subprocess.py:93} INFO - 📥 ex01: Téléchargement des données NYC Taxi...
[2026-02-05T21:20:05.230+0000] {subprocess.py:93} INFO - [warn] No sbt.version set in project/build.properties, base directory: /tmp/***tmp5mmqjsqn
[2026-02-05T21:20:05.280+0000] {subprocess.py:93} INFO - [info] welcome to sbt 1.9.9 (Debian Java 17.0.18)
[2026-02-05T21:20:08.414+0000] {subprocess.py:93} INFO - [info] set current project to ***tmp5mmqjsqn (in build file:/tmp/***tmp5mmqjsqn/)
[2026-02-05T21:20:08.979+0000] {subprocess.py:93} INFO - [error] Expected ID character
[2026-02-05T21:20:08.986+0000] {subprocess.py:93} INFO - [error] Not a valid command: ex1 (similar: exit, set, export)
[2026-02-05T21:20:08.986+0000] {subprocess.py:93} INFO - [error] Expected project ID
[2026-02-05T21:20:08.987+0000] {subprocess.py:93} INFO - [error] Expected configuration
[2026-02-05T21:20:08.987+0000] {subprocess.py:93} INFO - [error] Expected ':'
[2026-02-05T21:20:08.988+0000] {subprocess.py:93} INFO - [error] Expected key
[2026-02-05T21:20:08.988+0000] {subprocess.py:93} INFO - [error] Not a valid key: ex1
[2026-02-05T21:20:08.988+0000] {subprocess.py:93} INFO - [error] ex1/run
[2026-02-05T21:20:08.993+0000] {subprocess.py:93} INFO - [error]    ^
[2026-02-05T21:20:09.272+0000] {local_task_job_runner.py:127} ERROR - Received SIGTERM. Terminating subprocesses
[2026-02-05T21:20:09.292+0000] {process_utils.py:132} INFO - Sending 15 to group 1101. PIDs of all processes in the group: [1103, 1104, 1101]
[2026-02-05T21:20:09.328+0000] {process_utils.py:87} INFO - Sending the signal 15 to group 1101
[2026-02-05T21:20:09.329+0000] {taskinstance.py:3083} ERROR - Received SIGTERM. Terminating subprocesses.
[2026-02-05T21:20:09.329+0000] {subprocess.py:104} INFO - Sending SIGTERM signal to process group
[2026-02-05T21:20:09.403+0000] {taskinstance.py:3301} ERROR - Task failed with exception
Traceback (most recent call last):
  File "/home/airflow/.local/lib/python3.12/site-packages/airflow/models/taskinstance.py", line 767, in _execute_task
    result = _execute_callable(context=context, **execute_callable_kwargs)
             ^^^^^^^^^^^^^^^^^^^^^^^^^^^^^^^^^^^^^^^^^^^^^^^^^^^^^^^^^^^^^
  File "/home/airflow/.local/lib/python3.12/site-packages/airflow/models/taskinstance.py", line 733, in _execute_callable
    return ExecutionCallableRunner(
           ^^^^^^^^^^^^^^^^^^^^^^^^
  File "/home/airflow/.local/lib/python3.12/site-packages/airflow/utils/operator_helpers.py", line 252, in run
    return self.func(*args, **kwargs)
           ^^^^^^^^^^^^^^^^^^^^^^^^^^
  File "/home/airflow/.local/lib/python3.12/site-packages/airflow/models/baseoperator.py", line 406, in wrapper
    return func(self, *args, **kwargs)
           ^^^^^^^^^^^^^^^^^^^^^^^^^^^
  File "/home/airflow/.local/lib/python3.12/site-packages/airflow/operators/bash.py", line 240, in execute
    result = self.subprocess_hook.run_command(
             ^^^^^^^^^^^^^^^^^^^^^^^^^^^^^^^^^
  File "/home/airflow/.local/lib/python3.12/site-packages/airflow/hooks/subprocess.py", line 91, in run_command
    for raw_line in iter(self.sub_process.stdout.readline, b""):
                    ^^^^^^^^^^^^^^^^^^^^^^^^^^^^^^^^^^^^^^^^^^^
  File "/home/airflow/.local/lib/python3.12/site-packages/airflow/models/taskinstance.py", line 3085, in signal_handler
    raise AirflowTaskTerminated("Task received SIGTERM signal")
airflow.exceptions.AirflowTaskTerminated: Task received SIGTERM signal
[2026-02-05T21:20:09.494+0000] {taskinstance.py:1225} INFO - Marking task as UP_FOR_RETRY. dag_id=nyc_taxi_pipeline, task_id=ex01_download_data, run_id=manual__2026-02-05T21:16:42.764755+00:00, execution_date=20260205T211642, start_date=20260205T212000, end_date=20260205T212009
[2026-02-05T21:20:09.533+0000] {taskinstance.py:340} INFO - ::group::Post task execution logs
[2026-02-05T21:20:09.570+0000] {process_utils.py:80} INFO - Process psutil.Process(pid=1101, status='terminated', exitcode=2, started='21:19:59') (1101) terminated with exit code 2
[2026-02-05T21:20:09.572+0000] {process_utils.py:80} INFO - Process psutil.Process(pid=1103, status='terminated', started='21:20:00') (1103) terminated with exit code None
[2026-02-05T21:20:09.573+0000] {process_utils.py:80} INFO - Process psutil.Process(pid=1104, status='terminated', started='21:20:00') (1104) terminated with exit code None
[2026-02-05T21:20:09.573+0000] {local_task_job_runner.py:261} INFO - Task exited with return code 143
[2026-02-05T21:20:09.613+0000] {taskinstance.py:3891} INFO - 0 downstream tasks scheduled from follow-on schedule check
[2026-02-05T21:20:10.219+0000] {standard_task_runner.py:217} INFO - Process not found (most likely exited), stop collecting metrics
[2026-02-05T21:20:10.260+0000] {local_task_job_runner.py:240} INFO - ::endgroup::
