[2026-02-05T20:28:47.740+0000] {taskinstance.py:1957} INFO - Dependencies all met for dep_context=non-requeueable deps ti=<TaskInstance: nyc_taxi_pipeline.ex04_dashboard_kpi manual__2026-02-05T20:18:57.896691+00:00 [queued]>
[2026-02-05T20:28:47.749+0000] {taskinstance.py:1957} INFO - Dependencies all met for dep_context=requeueable deps ti=<TaskInstance: nyc_taxi_pipeline.ex04_dashboard_kpi manual__2026-02-05T20:18:57.896691+00:00 [queued]>
[2026-02-05T20:28:47.749+0000] {taskinstance.py:2171} INFO - Starting attempt 1 of 2
[2026-02-05T20:28:47.763+0000] {taskinstance.py:2192} INFO - Executing <Task(BashOperator): ex04_dashboard_kpi> on 2026-02-05 20:18:57.896691+00:00
[2026-02-05T20:28:47.767+0000] {standard_task_runner.py:60} INFO - Started process 177 to run task
[2026-02-05T20:28:47.770+0000] {standard_task_runner.py:87} INFO - Running: ['***', 'tasks', 'run', 'nyc_taxi_pipeline', 'ex04_dashboard_kpi', 'manual__2026-02-05T20:18:57.896691+00:00', '--job-id', '36', '--raw', '--subdir', 'DAGS_FOLDER/nyc_taxi_pipeline.py', '--cfg-path', '/tmp/tmplrn77lqm']
[2026-02-05T20:28:47.774+0000] {standard_task_runner.py:88} INFO - Job 36: Subtask ex04_dashboard_kpi
[2026-02-05T20:28:47.816+0000] {task_command.py:423} INFO - Running <TaskInstance: nyc_taxi_pipeline.ex04_dashboard_kpi manual__2026-02-05T20:18:57.896691+00:00 [running]> on host ace8665f10f5
[2026-02-05T20:28:47.899+0000] {taskinstance.py:2481} INFO - Exporting env vars: AIRFLOW_CTX_DAG_OWNER='cytech' AIRFLOW_CTX_DAG_ID='nyc_taxi_pipeline' AIRFLOW_CTX_TASK_ID='ex04_dashboard_kpi' AIRFLOW_CTX_EXECUTION_DATE='2026-02-05T20:18:57.896691+00:00' AIRFLOW_CTX_TRY_NUMBER='1' AIRFLOW_CTX_DAG_RUN_ID='manual__2026-02-05T20:18:57.896691+00:00'
[2026-02-05T20:28:47.900+0000] {subprocess.py:63} INFO - Tmp dir root location: /tmp
[2026-02-05T20:28:47.901+0000] {subprocess.py:75} INFO - Running command: ['/usr/bin/bash', '-c', '\n        set -e\n        \n        echo "📊 ex04: Calcul des KPIs pour le dashboard..."\n        \n        if sbt ex04/run; then\n            echo "✅ ex04 terminé avec succès!"\n        else\n            echo "❌ ERREUR: ex04 a échoué!"\n            exit 1\n        fi\n        ']
[2026-02-05T20:28:47.909+0000] {subprocess.py:86} INFO - Output:
[2026-02-05T20:28:47.911+0000] {subprocess.py:93} INFO - 📊 ex04: Calcul des KPIs pour le dashboard...
[2026-02-05T20:28:47.911+0000] {subprocess.py:93} INFO - /usr/bin/bash: line 6: sbt: command not found
[2026-02-05T20:28:47.912+0000] {subprocess.py:93} INFO - ❌ ERREUR: ex04 a échoué!
[2026-02-05T20:28:47.912+0000] {subprocess.py:97} INFO - Command exited with return code 1
[2026-02-05T20:28:47.922+0000] {taskinstance.py:2699} ERROR - Task failed with exception
Traceback (most recent call last):
  File "/home/airflow/.local/lib/python3.8/site-packages/airflow/models/taskinstance.py", line 433, in _execute_task
    result = execute_callable(context=context, **execute_callable_kwargs)
  File "/home/airflow/.local/lib/python3.8/site-packages/airflow/operators/bash.py", line 212, in execute
    raise AirflowException(
airflow.exceptions.AirflowException: Bash command failed. The command returned a non-zero exit code 1.
[2026-02-05T20:28:47.926+0000] {taskinstance.py:1138} INFO - Marking task as UP_FOR_RETRY. dag_id=nyc_taxi_pipeline, task_id=ex04_dashboard_kpi, execution_date=20260205T201857, start_date=20260205T202847, end_date=20260205T202847
[2026-02-05T20:28:47.940+0000] {standard_task_runner.py:107} ERROR - Failed to execute job 36 for task ex04_dashboard_kpi (Bash command failed. The command returned a non-zero exit code 1.; 177)
[2026-02-05T20:28:47.982+0000] {local_task_job_runner.py:234} INFO - Task exited with return code 1
[2026-02-05T20:28:48.002+0000] {taskinstance.py:3281} INFO - 0 downstream tasks scheduled from follow-on schedule check
