[2026-02-04T20:16:03.228+0000] {taskinstance.py:1957} INFO - Dependencies all met for dep_context=non-requeueable deps ti=<TaskInstance: nyc_taxi_pipeline.ex01_download_data manual__2026-02-04T20:09:58.270981+00:00 [queued]>
[2026-02-04T20:16:03.244+0000] {taskinstance.py:1957} INFO - Dependencies all met for dep_context=requeueable deps ti=<TaskInstance: nyc_taxi_pipeline.ex01_download_data manual__2026-02-04T20:09:58.270981+00:00 [queued]>
[2026-02-04T20:16:03.245+0000] {taskinstance.py:2171} INFO - Starting attempt 3 of 4
[2026-02-04T20:16:03.277+0000] {taskinstance.py:2192} INFO - Executing <Task(BashOperator): ex01_download_data> on 2026-02-04 20:09:58.270981+00:00
[2026-02-04T20:16:03.284+0000] {standard_task_runner.py:60} INFO - Started process 537 to run task
[2026-02-04T20:16:03.289+0000] {standard_task_runner.py:87} INFO - Running: ['***', 'tasks', 'run', 'nyc_taxi_pipeline', 'ex01_download_data', 'manual__2026-02-04T20:09:58.270981+00:00', '--job-id', '8', '--raw', '--subdir', 'DAGS_FOLDER/nyc_taxi_pipeline.py', '--cfg-path', '/tmp/tmp9_ql3fyo']
[2026-02-04T20:16:03.297+0000] {standard_task_runner.py:88} INFO - Job 8: Subtask ex01_download_data
[2026-02-04T20:16:03.382+0000] {task_command.py:423} INFO - Running <TaskInstance: nyc_taxi_pipeline.ex01_download_data manual__2026-02-04T20:09:58.270981+00:00 [running]> on host ace8665f10f5
[2026-02-04T20:16:03.532+0000] {taskinstance.py:2481} INFO - Exporting env vars: AIRFLOW_CTX_DAG_OWNER='cytech' AIRFLOW_CTX_DAG_ID='nyc_taxi_pipeline' AIRFLOW_CTX_TASK_ID='ex01_download_data' AIRFLOW_CTX_EXECUTION_DATE='2026-02-04T20:09:58.270981+00:00' AIRFLOW_CTX_TRY_NUMBER='3' AIRFLOW_CTX_DAG_RUN_ID='manual__2026-02-04T20:09:58.270981+00:00'
[2026-02-04T20:16:03.534+0000] {subprocess.py:63} INFO - Tmp dir root location: /tmp
[2026-02-04T20:16:03.535+0000] {subprocess.py:75} INFO - Running command: ['/usr/bin/bash', '-c', '\n        set -e  # Arrêter si erreur\n        \n        echo "📥 ex01: Téléchargement des données NYC Taxi..."\n        \n        if sbt "project ex01_data_retrieval" run; then\n            echo "✅ ex01 terminé avec succès!"\n        else\n            echo "❌ ERREUR: ex01 a échoué!"\n            exit 1\n        fi\n        ']
[2026-02-04T20:16:03.553+0000] {subprocess.py:86} INFO - Output:
[2026-02-04T20:16:03.555+0000] {subprocess.py:93} INFO - 📥 ex01: Téléchargement des données NYC Taxi...
[2026-02-04T20:16:03.556+0000] {subprocess.py:93} INFO - /usr/bin/bash: line 6: sbt: command not found
[2026-02-04T20:16:03.556+0000] {subprocess.py:93} INFO - ❌ ERREUR: ex01 a échoué!
[2026-02-04T20:16:03.557+0000] {subprocess.py:97} INFO - Command exited with return code 1
[2026-02-04T20:16:03.578+0000] {taskinstance.py:2699} ERROR - Task failed with exception
Traceback (most recent call last):
  File "/home/airflow/.local/lib/python3.8/site-packages/airflow/models/taskinstance.py", line 433, in _execute_task
    result = execute_callable(context=context, **execute_callable_kwargs)
  File "/home/airflow/.local/lib/python3.8/site-packages/airflow/operators/bash.py", line 212, in execute
    raise AirflowException(
airflow.exceptions.AirflowException: Bash command failed. The command returned a non-zero exit code 1.
[2026-02-04T20:16:03.587+0000] {taskinstance.py:1138} INFO - Marking task as UP_FOR_RETRY. dag_id=nyc_taxi_pipeline, task_id=ex01_download_data, execution_date=20260204T200958, start_date=20260204T201603, end_date=20260204T201603
[2026-02-04T20:16:03.612+0000] {standard_task_runner.py:107} ERROR - Failed to execute job 8 for task ex01_download_data (Bash command failed. The command returned a non-zero exit code 1.; 537)
[2026-02-04T20:16:03.661+0000] {local_task_job_runner.py:234} INFO - Task exited with return code 1
[2026-02-04T20:16:03.709+0000] {taskinstance.py:3281} INFO - 0 downstream tasks scheduled from follow-on schedule check
