[2026-02-04T20:57:04.832+0000] {taskinstance.py:1957} INFO - Dependencies all met for dep_context=non-requeueable deps ti=<TaskInstance: nyc_taxi_pipeline.ex03_schema_creation manual__2026-02-04T20:54:02.580688+00:00 [queued]>
[2026-02-04T20:57:04.843+0000] {taskinstance.py:1957} INFO - Dependencies all met for dep_context=requeueable deps ti=<TaskInstance: nyc_taxi_pipeline.ex03_schema_creation manual__2026-02-04T20:54:02.580688+00:00 [queued]>
[2026-02-04T20:57:04.843+0000] {taskinstance.py:2171} INFO - Starting attempt 2 of 3
[2026-02-04T20:57:04.864+0000] {taskinstance.py:2192} INFO - Executing <Task(BashOperator): ex03_schema_creation> on 2026-02-04 20:54:02.580688+00:00
[2026-02-04T20:57:04.870+0000] {standard_task_runner.py:60} INFO - Started process 291 to run task
[2026-02-04T20:57:04.876+0000] {standard_task_runner.py:87} INFO - Running: ['***', 'tasks', 'run', 'nyc_taxi_pipeline', 'ex03_schema_creation', 'manual__2026-02-04T20:54:02.580688+00:00', '--job-id', '19', '--raw', '--subdir', 'DAGS_FOLDER/nyc_taxi_pipeline.py', '--cfg-path', '/tmp/tmpo50tkwdk']
[2026-02-04T20:57:04.881+0000] {standard_task_runner.py:88} INFO - Job 19: Subtask ex03_schema_creation
[2026-02-04T20:57:04.940+0000] {task_command.py:423} INFO - Running <TaskInstance: nyc_taxi_pipeline.ex03_schema_creation manual__2026-02-04T20:54:02.580688+00:00 [running]> on host ace8665f10f5
[2026-02-04T20:57:05.023+0000] {taskinstance.py:2481} INFO - Exporting env vars: AIRFLOW_CTX_DAG_OWNER='cytech' AIRFLOW_CTX_DAG_ID='nyc_taxi_pipeline' AIRFLOW_CTX_TASK_ID='ex03_schema_creation' AIRFLOW_CTX_EXECUTION_DATE='2026-02-04T20:54:02.580688+00:00' AIRFLOW_CTX_TRY_NUMBER='2' AIRFLOW_CTX_DAG_RUN_ID='manual__2026-02-04T20:54:02.580688+00:00'
[2026-02-04T20:57:05.024+0000] {subprocess.py:63} INFO - Tmp dir root location: /tmp
[2026-02-04T20:57:05.025+0000] {subprocess.py:75} INFO - Running command: ['/usr/bin/bash', '-c', '\n        set -e\n        \n        echo "🗄️ ex03: Création du schéma PostgreSQL..."\n        \n        if sbt "project ex03_star_schema" run; then\n            echo "✅ ex03 terminé avec succès!"\n        else\n            echo "❌ ERREUR: ex03 a échoué!"\n            exit 1\n        fi\n        ']
[2026-02-04T20:57:05.035+0000] {subprocess.py:86} INFO - Output:
[2026-02-04T20:57:05.037+0000] {subprocess.py:93} INFO - 🗄️ ex03: Création du schéma PostgreSQL...
[2026-02-04T20:57:05.038+0000] {subprocess.py:93} INFO - /usr/bin/bash: line 6: sbt: command not found
[2026-02-04T20:57:05.038+0000] {subprocess.py:93} INFO - ❌ ERREUR: ex03 a échoué!
[2026-02-04T20:57:05.038+0000] {subprocess.py:97} INFO - Command exited with return code 1
[2026-02-04T20:57:05.049+0000] {taskinstance.py:2699} ERROR - Task failed with exception
Traceback (most recent call last):
  File "/home/airflow/.local/lib/python3.8/site-packages/airflow/models/taskinstance.py", line 433, in _execute_task
    result = execute_callable(context=context, **execute_callable_kwargs)
  File "/home/airflow/.local/lib/python3.8/site-packages/airflow/operators/bash.py", line 212, in execute
    raise AirflowException(
airflow.exceptions.AirflowException: Bash command failed. The command returned a non-zero exit code 1.
[2026-02-04T20:57:05.053+0000] {taskinstance.py:1138} INFO - Marking task as UP_FOR_RETRY. dag_id=nyc_taxi_pipeline, task_id=ex03_schema_creation, execution_date=20260204T205402, start_date=20260204T205704, end_date=20260204T205705
[2026-02-04T20:57:05.067+0000] {standard_task_runner.py:107} ERROR - Failed to execute job 19 for task ex03_schema_creation (Bash command failed. The command returned a non-zero exit code 1.; 291)
[2026-02-04T20:57:05.086+0000] {local_task_job_runner.py:234} INFO - Task exited with return code 1
[2026-02-04T20:57:05.107+0000] {taskinstance.py:3281} INFO - 0 downstream tasks scheduled from follow-on schedule check
