[2026-02-04T20:54:03.650+0000] {taskinstance.py:1957} INFO - Dependencies all met for dep_context=non-requeueable deps ti=<TaskInstance: nyc_taxi_pipeline.ex05_ml_prediction manual__2026-02-04T20:54:02.580688+00:00 [queued]>
[2026-02-04T20:54:03.664+0000] {taskinstance.py:1957} INFO - Dependencies all met for dep_context=requeueable deps ti=<TaskInstance: nyc_taxi_pipeline.ex05_ml_prediction manual__2026-02-04T20:54:02.580688+00:00 [queued]>
[2026-02-04T20:54:03.665+0000] {taskinstance.py:2171} INFO - Starting attempt 1 of 3
[2026-02-04T20:54:03.697+0000] {taskinstance.py:2192} INFO - Executing <Task(BashOperator): ex05_ml_prediction> on 2026-02-04 20:54:02.580688+00:00
[2026-02-04T20:54:03.705+0000] {standard_task_runner.py:60} INFO - Started process 195 to run task
[2026-02-04T20:54:03.707+0000] {standard_task_runner.py:87} INFO - Running: ['***', 'tasks', 'run', 'nyc_taxi_pipeline', 'ex05_ml_prediction', 'manual__2026-02-04T20:54:02.580688+00:00', '--job-id', '16', '--raw', '--subdir', 'DAGS_FOLDER/nyc_taxi_pipeline.py', '--cfg-path', '/tmp/tmppskv5bkm']
[2026-02-04T20:54:03.714+0000] {standard_task_runner.py:88} INFO - Job 16: Subtask ex05_ml_prediction
[2026-02-04T20:54:03.781+0000] {task_command.py:423} INFO - Running <TaskInstance: nyc_taxi_pipeline.ex05_ml_prediction manual__2026-02-04T20:54:02.580688+00:00 [running]> on host ace8665f10f5
[2026-02-04T20:54:03.883+0000] {taskinstance.py:2481} INFO - Exporting env vars: AIRFLOW_CTX_DAG_OWNER='cytech' AIRFLOW_CTX_DAG_ID='nyc_taxi_pipeline' AIRFLOW_CTX_TASK_ID='ex05_ml_prediction' AIRFLOW_CTX_EXECUTION_DATE='2026-02-04T20:54:02.580688+00:00' AIRFLOW_CTX_TRY_NUMBER='1' AIRFLOW_CTX_DAG_RUN_ID='manual__2026-02-04T20:54:02.580688+00:00'
[2026-02-04T20:54:03.884+0000] {subprocess.py:63} INFO - Tmp dir root location: /tmp
[2026-02-04T20:54:03.885+0000] {subprocess.py:75} INFO - Running command: ['/usr/bin/bash', '-c', '\n        set -e\n        \n        echo "🤖 ex05: Exécution des prédictions ML..."\n        \n        if sbt "project ex05_ml_prediction_service" run; then\n            echo "✅ ex05 terminé avec succès!"\n        else\n            echo "❌ ERREUR: ex05 a échoué!"\n            exit 1\n        fi\n        ']
[2026-02-04T20:54:03.900+0000] {subprocess.py:86} INFO - Output:
[2026-02-04T20:54:03.902+0000] {subprocess.py:93} INFO - 🤖 ex05: Exécution des prédictions ML...
[2026-02-04T20:54:03.902+0000] {subprocess.py:93} INFO - /usr/bin/bash: line 6: sbt: command not found
[2026-02-04T20:54:03.902+0000] {subprocess.py:93} INFO - ❌ ERREUR: ex05 a échoué!
[2026-02-04T20:54:03.902+0000] {subprocess.py:97} INFO - Command exited with return code 1
[2026-02-04T20:54:03.914+0000] {taskinstance.py:2699} ERROR - Task failed with exception
Traceback (most recent call last):
  File "/home/airflow/.local/lib/python3.8/site-packages/airflow/models/taskinstance.py", line 433, in _execute_task
    result = execute_callable(context=context, **execute_callable_kwargs)
  File "/home/airflow/.local/lib/python3.8/site-packages/airflow/operators/bash.py", line 212, in execute
    raise AirflowException(
airflow.exceptions.AirflowException: Bash command failed. The command returned a non-zero exit code 1.
[2026-02-04T20:54:03.918+0000] {taskinstance.py:1138} INFO - Marking task as UP_FOR_RETRY. dag_id=nyc_taxi_pipeline, task_id=ex05_ml_prediction, execution_date=20260204T205402, start_date=20260204T205403, end_date=20260204T205403
[2026-02-04T20:54:03.939+0000] {standard_task_runner.py:107} ERROR - Failed to execute job 16 for task ex05_ml_prediction (Bash command failed. The command returned a non-zero exit code 1.; 195)
[2026-02-04T20:54:03.969+0000] {local_task_job_runner.py:234} INFO - Task exited with return code 1
[2026-02-04T20:54:03.992+0000] {taskinstance.py:3281} INFO - 0 downstream tasks scheduled from follow-on schedule check
