[2026-02-05T22:53:06.878+0000] {local_task_job_runner.py:123} INFO - ::group::Pre task execution logs
[2026-02-05T22:53:06.902+0000] {taskinstance.py:2603} INFO - Dependencies all met for dep_context=non-requeueable deps ti=<TaskInstance: nyc_taxi_pipeline.ex04_dashboard_kpi manual__2026-02-05T22:50:00+00:00 [queued]>
[2026-02-05T22:53:06.913+0000] {taskinstance.py:2603} INFO - Dependencies all met for dep_context=requeueable deps ti=<TaskInstance: nyc_taxi_pipeline.ex04_dashboard_kpi manual__2026-02-05T22:50:00+00:00 [queued]>
[2026-02-05T22:53:06.914+0000] {taskinstance.py:2856} INFO - Starting attempt 2 of 2
[2026-02-05T22:53:06.934+0000] {taskinstance.py:2879} INFO - Executing <Task(BashOperator): ex04_dashboard_kpi> on 2026-02-05 22:50:00+00:00
[2026-02-05T22:53:06.947+0000] {logging_mixin.py:190} WARNING - /home/***/.local/lib/python3.12/site-packages/***/task/task_runner/standard_task_runner.py:70 DeprecationWarning: This process (pid=434) is multi-threaded, use of fork() may lead to deadlocks in the child.
[2026-02-05T22:53:06.946+0000] {standard_task_runner.py:104} INFO - Running: ['***', 'tasks', 'run', 'nyc_taxi_pipeline', 'ex04_dashboard_kpi', 'manual__2026-02-05T22:50:00+00:00', '--job-id', '113', '--raw', '--subdir', 'DAGS_FOLDER/nyc_taxi_pipeline.py', '--cfg-path', '/tmp/tmpdxuznwzx']
[2026-02-05T22:53:06.948+0000] {standard_task_runner.py:72} INFO - Started process 437 to run task
[2026-02-05T22:53:06.948+0000] {standard_task_runner.py:105} INFO - Job 113: Subtask ex04_dashboard_kpi
[2026-02-05T22:53:07.007+0000] {task_command.py:467} INFO - Running <TaskInstance: nyc_taxi_pipeline.ex04_dashboard_kpi manual__2026-02-05T22:50:00+00:00 [running]> on host cf729da7de68
[2026-02-05T22:53:07.115+0000] {taskinstance.py:3122} INFO - Exporting env vars: AIRFLOW_CTX_DAG_OWNER='cytech' AIRFLOW_CTX_DAG_ID='nyc_taxi_pipeline' AIRFLOW_CTX_TASK_ID='ex04_dashboard_kpi' AIRFLOW_CTX_EXECUTION_DATE='2026-02-05T22:50:00+00:00' AIRFLOW_CTX_TRY_NUMBER='2' AIRFLOW_CTX_DAG_RUN_ID='manual__2026-02-05T22:50:00+00:00'
[2026-02-05T22:53:07.116+0000] {taskinstance.py:731} INFO - ::endgroup::
[2026-02-05T22:53:07.140+0000] {subprocess.py:63} INFO - Tmp dir root location: /tmp
[2026-02-05T22:53:07.141+0000] {subprocess.py:75} INFO - Running command: ['/usr/bin/bash', '-c', '\n        set -e\n        \n        echo "📊 ex04: Calcul des KPIs pour le dashboard..."\n        cd /opt/***/projet_big_data_cytech\n        \n        if sbt ex4/run; then\n            echo "✅ ex04 terminé avec succès!"\n        else\n            echo "❌ ERREUR: ex04 a échoué!"\n            exit 1\n        fi\n        ']
[2026-02-05T22:53:07.157+0000] {subprocess.py:86} INFO - Output:
[2026-02-05T22:53:07.158+0000] {subprocess.py:93} INFO - 📊 ex04: Calcul des KPIs pour le dashboard...
[2026-02-05T22:53:07.750+0000] {subprocess.py:93} INFO - [info] waiting for lock on /home/***/.sbt/boot/sbt.boot.lock to be available...
[2026-02-05T22:53:15.770+0000] {subprocess.py:93} INFO - [info] welcome to sbt 1.8.3 (Debian Java 17.0.18)
[2026-02-05T22:53:21.446+0000] {subprocess.py:93} INFO - [info] loading settings for project projet_big_data_cytech-build-build from metals.sbt ...
[2026-02-05T22:53:22.842+0000] {subprocess.py:93} INFO - [info] loading project definition from /opt/***/projet_big_data_cytech/project/project
[2026-02-05T22:53:27.876+0000] {subprocess.py:93} INFO - [info] loading settings for project projet_big_data_cytech-build from metals.sbt ...
[2026-02-05T22:53:28.386+0000] {subprocess.py:93} INFO - [info] loading project definition from /opt/***/projet_big_data_cytech/project
[2026-02-05T22:53:28.973+0000] {subprocess.py:93} INFO - [info] waiting for lock on /home/***/.ivy2/exclude_classifiers.lock to be available...
[2026-02-05T22:53:35.012+0000] {subprocess.py:93} INFO - [success] Generated .bloop/projet_big_data_cytech-build.json
[2026-02-05T22:53:35.186+0000] {subprocess.py:93} INFO - [success] Total time: 7 s, completed Feb 5, 2026, 10:53:35 PM
[2026-02-05T22:53:38.500+0000] {subprocess.py:93} INFO - [info] loading settings for project root from build.sbt ...
[2026-02-05T22:53:39.531+0000] {subprocess.py:93} INFO - [info] set current project to projet_ingestion (in build file:/opt/***/projet_big_data_cytech/)
[2026-02-05T22:54:26.069+0000] {subprocess.py:93} INFO - [info] compiling 1 Scala source to /opt/***/projet_big_data_cytech/common/target/scala-2.13/classes ...
[2026-02-05T22:54:26.241+0000] {subprocess.py:93} INFO - [info] Non-compiled module 'compiler-bridge_2.13' for Scala 2.13.17. Compiling...
[2026-02-05T22:54:38.924+0000] {subprocess.py:93} INFO - [info]   Compilation completed in 12.682s.
[2026-02-05T22:54:41.531+0000] {subprocess.py:93} INFO - [info] done compiling
[2026-02-05T22:54:41.727+0000] {subprocess.py:93} INFO - [info] compiling 1 Scala source to /opt/***/projet_big_data_cytech/ex04_dashboard/target/scala-2.13/classes ...
[2026-02-05T22:54:42.451+0000] {subprocess.py:93} INFO - [info] done compiling
[2026-02-05T22:54:52.139+0000] {subprocess.py:93} INFO - [info] running Main
[2026-02-05T22:55:13.053+0000] {subprocess.py:93} INFO - Using Spark's default log4j profile: org/apache/spark/log4j2-defaults.properties
[2026-02-05T22:55:13.068+0000] {subprocess.py:93} INFO - 26/02/05 22:55:13 INFO SparkContext: Running Spark version 3.5.5
[2026-02-05T22:55:13.071+0000] {subprocess.py:93} INFO - 26/02/05 22:55:13 INFO SparkContext: OS info Linux, 5.15.0-168-generic, amd64
[2026-02-05T22:55:13.075+0000] {subprocess.py:93} INFO - 26/02/05 22:55:13 INFO SparkContext: Java version 17.0.18
[2026-02-05T22:55:13.548+0000] {subprocess.py:93} INFO - 26/02/05 22:55:13 WARN NativeCodeLoader: Unable to load native-hadoop library for your platform... using builtin-java classes where applicable
[2026-02-05T22:55:13.740+0000] {subprocess.py:93} INFO - 26/02/05 22:55:13 INFO ResourceUtils: ==============================================================
[2026-02-05T22:55:13.747+0000] {subprocess.py:93} INFO - 26/02/05 22:55:13 INFO ResourceUtils: No custom resources configured for spark.driver.
[2026-02-05T22:55:13.748+0000] {subprocess.py:93} INFO - 26/02/05 22:55:13 INFO ResourceUtils: ==============================================================
[2026-02-05T22:55:13.749+0000] {subprocess.py:93} INFO - 26/02/05 22:55:13 INFO SparkContext: Submitted application: Dashboard
[2026-02-05T22:55:13.780+0000] {subprocess.py:93} INFO - 26/02/05 22:55:13 INFO ResourceProfile: Default ResourceProfile created, executor resources: Map(cores -> name: cores, amount: 1, script: , vendor: , memory -> name: memory, amount: 1024, script: , vendor: , offHeap -> name: offHeap, amount: 0, script: , vendor: ), task resources: Map(cpus -> name: cpus, amount: 1.0)
[2026-02-05T22:55:13.783+0000] {subprocess.py:93} INFO - 26/02/05 22:55:13 INFO ResourceProfile: Limiting resource is cpu
[2026-02-05T22:55:13.785+0000] {subprocess.py:93} INFO - 26/02/05 22:55:13 INFO ResourceProfileManager: Added ResourceProfile id: 0
[2026-02-05T22:55:13.875+0000] {subprocess.py:93} INFO - 26/02/05 22:55:13 INFO SecurityManager: Changing view acls to: default
[2026-02-05T22:55:13.877+0000] {subprocess.py:93} INFO - 26/02/05 22:55:13 INFO SecurityManager: Changing modify acls to: default
[2026-02-05T22:55:13.878+0000] {subprocess.py:93} INFO - 26/02/05 22:55:13 INFO SecurityManager: Changing view acls groups to:
[2026-02-05T22:55:13.880+0000] {subprocess.py:93} INFO - 26/02/05 22:55:13 INFO SecurityManager: Changing modify acls groups to:
[2026-02-05T22:55:13.882+0000] {subprocess.py:93} INFO - 26/02/05 22:55:13 INFO SecurityManager: SecurityManager: authentication disabled; ui acls disabled; users with view permissions: default; groups with view permissions: EMPTY; users with modify permissions: default; groups with modify permissions: EMPTY
[2026-02-05T22:55:14.597+0000] {subprocess.py:93} INFO - 26/02/05 22:55:14 INFO Utils: Successfully started service 'sparkDriver' on port 41781.
[2026-02-05T22:55:14.639+0000] {subprocess.py:93} INFO - 26/02/05 22:55:14 INFO SparkEnv: Registering MapOutputTracker
[2026-02-05T22:55:14.730+0000] {subprocess.py:93} INFO - 26/02/05 22:55:14 INFO SparkEnv: Registering BlockManagerMaster
[2026-02-05T22:55:14.786+0000] {subprocess.py:93} INFO - 26/02/05 22:55:14 INFO BlockManagerMasterEndpoint: Using org.apache.spark.storage.DefaultTopologyMapper for getting topology information
[2026-02-05T22:55:14.788+0000] {subprocess.py:93} INFO - 26/02/05 22:55:14 INFO BlockManagerMasterEndpoint: BlockManagerMasterEndpoint up
[2026-02-05T22:55:14.798+0000] {subprocess.py:93} INFO - Exception in thread "sbt-bg-threads-1" java.lang.IllegalAccessError: Error running public static void Main.main(java.lang.String[]).
[2026-02-05T22:55:14.799+0000] {subprocess.py:93} INFO - java.lang.IllegalAccessError: class org.apache.spark.storage.StorageUtils$ (in unnamed module @0x4b244ece) cannot access class sun.nio.ch.DirectBuffer (in module java.base) because module java.base does not export sun.nio.ch to unnamed module @0x4b244ece
[2026-02-05T22:55:14.805+0000] {subprocess.py:93} INFO - If using a layered classloader, this can occur if jvm package private classes are accessed across layers. This can be fixed by changing to the Flat or ScalaInstance class loader layering strategies.
[2026-02-05T22:55:14.806+0000] {subprocess.py:93} INFO - 	at sbt.Run.invokeMain(Run.scala:152)
[2026-02-05T22:55:14.813+0000] {subprocess.py:93} INFO - 	at sbt.Run.execute$1(Run.scala:93)
[2026-02-05T22:55:14.815+0000] {subprocess.py:93} INFO - 	at sbt.Run.$anonfun$runWithLoader$5(Run.scala:120)
[2026-02-05T22:55:14.816+0000] {subprocess.py:93} INFO - 	at sbt.Run$.executeSuccess(Run.scala:186)
[2026-02-05T22:55:14.821+0000] {subprocess.py:93} INFO - 	at sbt.Run.runWithLoader(Run.scala:120)
[2026-02-05T22:55:14.825+0000] {subprocess.py:93} INFO - 	at sbt.Defaults$.$anonfun$bgRunTask$6(Defaults.scala:1980)
[2026-02-05T22:55:14.830+0000] {subprocess.py:93} INFO - 	at sbt.Defaults$.$anonfun$termWrapper$2(Defaults.scala:1919)
[2026-02-05T22:55:14.837+0000] {subprocess.py:93} INFO - 	at scala.runtime.java8.JFunction0$mcV$sp.apply(JFunction0$mcV$sp.java:23)
[2026-02-05T22:55:14.842+0000] {subprocess.py:93} INFO - 	at scala.util.Try$.apply(Try.scala:213)
[2026-02-05T22:55:14.843+0000] {subprocess.py:93} INFO - 	at sbt.internal.BackgroundThreadPool$BackgroundRunnable.run(DefaultBackgroundJobService.scala:366)
[2026-02-05T22:55:14.843+0000] {subprocess.py:93} INFO - 	at java.base/java.util.concurrent.ThreadPoolExecutor.runWorker(ThreadPoolExecutor.java:1136)
[2026-02-05T22:55:14.844+0000] {subprocess.py:93} INFO - 	at java.base/java.util.concurrent.ThreadPoolExecutor$Worker.run(ThreadPoolExecutor.java:635)
[2026-02-05T22:55:14.845+0000] {subprocess.py:93} INFO - 	at java.base/java.lang.Thread.run(Thread.java:840)
[2026-02-05T22:55:14.845+0000] {subprocess.py:93} INFO - [success] Total time: 95 s (01:35), completed Feb 5, 2026, 10:55:14 PM
[2026-02-05T22:55:15.393+0000] {subprocess.py:93} INFO - ✅ ex04 terminé avec succès!
[2026-02-05T22:55:15.396+0000] {subprocess.py:97} INFO - Command exited with return code 0
[2026-02-05T22:55:15.648+0000] {taskinstance.py:340} INFO - ::group::Post task execution logs
[2026-02-05T22:55:15.651+0000] {taskinstance.py:352} INFO - Marking task as SUCCESS. dag_id=nyc_taxi_pipeline, task_id=ex04_dashboard_kpi, run_id=manual__2026-02-05T22:50:00+00:00, execution_date=20260205T225000, start_date=20260205T225306, end_date=20260205T225515
[2026-02-05T22:55:15.778+0000] {local_task_job_runner.py:261} INFO - Task exited with return code 0
[2026-02-05T22:55:15.856+0000] {taskinstance.py:3891} INFO - 0 downstream tasks scheduled from follow-on schedule check
[2026-02-05T22:55:15.859+0000] {local_task_job_runner.py:240} INFO - ::endgroup::
